<html>
<head>
<title>TestNG:  Test</title>
<link href="../testng.css" rel="stylesheet" type="text/css" />
<link href="../my-testng.css" rel="stylesheet" type="text/css" />

<style type="text/css">
.log { display: none;} 
.stack-trace { display: none;} 
</style>
<script type="text/javascript">
<!--
function flip(e) {
  current = e.style.display;
  if (current == 'block') {
    e.style.display = 'none';
    return 0;
  }
  else {
    e.style.display = 'block';
    return 1;
  }
}

function toggleBox(szDivId, elem, msg1, msg2)
{
  var res = -1;  if (document.getElementById) {
    res = flip(document.getElementById(szDivId));
  }
  else if (document.all) {
    // this is the way old msie versions work
    res = flip(document.all[szDivId]);
  }
  if(elem) {
    if(res == 0) elem.innerHTML = msg1; else elem.innerHTML = msg2;
  }

}

function toggleAllBoxes() {
  if (document.getElementsByTagName) {
    d = document.getElementsByTagName('div');
    for (i = 0; i < d.length; i++) {
      if (d[i].className == 'log') {
        flip(d[i]);
      }
    }
  }
}

// -->
</script>

</head>
<body>
<h2 align='center'>Test</h2><table border='1' align="center">
<tr>
<td>Tests passed/Failed/Skipped:</td><td>0/12/1</td>
</tr><tr>
<td>Started on:</td><td>Tue Jul 28 10:30:33 IST 2015</td>
</tr>
<tr><td>Total time:</td><td>1 seconds (1125 ms)</td>
</tr><tr>
<td>Included groups:</td><td></td>
</tr><tr>
<td>Excluded groups:</td><td></td>
</tr>
</table><p/>
<small><i>(Hover the method name to see the test class name)</i></small><p/>
<table width='100%' border='1' class='invocation-failed'>
<tr><td colspan='4' align='center'><b>FAILED CONFIGURATIONS</b></td></tr>
<tr><td><b>Test method</b></td>
<td width="30%"><b>Exception</b></td>
<td width="10%"><b>Time (seconds)</b></td>
<td><b>Instance</b></td>
</tr>
<tr>
<td title='com.qcim.SuiteTwo.Verify_AppealsTabRecords.checkCaseToRun()'><b>checkCaseToRun</b><br>Test class: com.qcim.SuiteTwo.Verify_AppealsTabRecords<br/>
<a href="#Output-16577391" onClick='toggleBox("Output-16577391", this, "Show output", "Hide output");'>Show output</a>

<a href="#Output-16577391" onClick="toggleAllBoxes();">Show all outputs</a>
<div class='log' id="Output-16577391">
Completed executing Verify_AppealsTabRecords.checkCaseToRun<br/>
</div>
</td>
<td><div><pre>java.lang.NullPointerException
	at com.qcim.utility.ExcelUtils.retrieveToRunFlag(ExcelUtils.java:287)
	at com.qcim.utility.Utils.checkToRunUtility(Utils.java:30)
	at com.qcim.SuiteTwo.Verify_AppealsTabRecords.checkCaseToRun(Verify_AppealsTabRecords.java:53)
... Removed 22 stack frames</pre></div><a href='#' onClick='toggleBox("stack-trace16577391", this, "Click to show all stack frames", "Click to hide stack frames")'>Click to show all stack frames</a>
<div class='stack-trace' id='stack-trace16577391'><pre>java.lang.NullPointerException
	at com.qcim.utility.ExcelUtils.retrieveToRunFlag(ExcelUtils.java:287)
	at com.qcim.utility.Utils.checkToRunUtility(Utils.java:30)
	at com.qcim.SuiteTwo.Verify_AppealsTabRecords.checkCaseToRun(Verify_AppealsTabRecords.java:53)
	at sun.reflect.NativeMethodAccessorImpl.invoke0(Native Method)
	at sun.reflect.NativeMethodAccessorImpl.invoke(Unknown Source)
	at sun.reflect.DelegatingMethodAccessorImpl.invoke(Unknown Source)
	at java.lang.reflect.Method.invoke(Unknown Source)
	at org.testng.internal.MethodInvocationHelper.invokeMethod(MethodInvocationHelper.java:84)
	at org.testng.internal.Invoker.invokeConfigurationMethod(Invoker.java:564)
	at org.testng.internal.Invoker.invokeConfigurations(Invoker.java:213)
	at org.testng.internal.Invoker.invokeConfigurations(Invoker.java:138)
	at org.testng.TestRunner.beforeRun(TestRunner.java:641)
	at org.testng.TestRunner.run(TestRunner.java:609)
	at org.testng.SuiteRunner.runTest(SuiteRunner.java:334)
	at org.testng.SuiteRunner.runSequentially(SuiteRunner.java:329)
	at org.testng.SuiteRunner.privateRun(SuiteRunner.java:291)
	at org.testng.SuiteRunner.run(SuiteRunner.java:240)
	at org.testng.SuiteRunnerWorker.runSuite(SuiteRunnerWorker.java:52)
	at org.testng.SuiteRunnerWorker.run(SuiteRunnerWorker.java:86)
	at org.testng.TestNG.runSuitesSequentially(TestNG.java:1224)
	at org.testng.TestNG.runSuitesLocally(TestNG.java:1149)
	at org.testng.TestNG.run(TestNG.java:1057)
	at org.testng.remote.RemoteTestNG.run(RemoteTestNG.java:111)
	at org.testng.remote.RemoteTestNG.initAndRun(RemoteTestNG.java:204)
	at org.testng.remote.RemoteTestNG.main(RemoteTestNG.java:175)
</pre></div></td>
<td>0</td>
<td>null</td></tr>
</table><p>
<table width='100%' border='1' class='invocation-skipped'>
<tr><td colspan='4' align='center'><b>SKIPPED CONFIGURATIONS</b></td></tr>
<tr><td><b>Test method</b></td>
<td width="30%"><b>Exception</b></td>
<td width="10%"><b>Time (seconds)</b></td>
<td><b>Instance</b></td>
</tr>
<tr>
<td title='com.qcim.SuiteTwo.Verify_AppealsTabRecords.checkCaseToRun()'><b>checkCaseToRun</b><br>Test class: com.qcim.SuiteTwo.Verify_AppealsTabRecords</td>
<td></td>
<td>0</td>
<td>null</td></tr>
<tr>
<td title='com.qcim.SuiteTwo.Verify_AppealsTabRecords.checkCaseToRun()'><b>checkCaseToRun</b><br>Test class: com.qcim.SuiteTwo.Verify_AppealsTabRecords</td>
<td></td>
<td>0</td>
<td>null</td></tr>
<tr>
<td title='com.qcim.SuiteTwo.Verify_AppealsTabRecords.checkCaseToRun()'><b>checkCaseToRun</b><br>Test class: com.qcim.SuiteTwo.Verify_AppealsTabRecords</td>
<td></td>
<td>0</td>
<td>null</td></tr>
<tr>
<td title='com.qcim.SuiteTwo.Verify_AppealsTabRecords.checkCaseToRun()'><b>checkCaseToRun</b><br>Test class: com.qcim.SuiteTwo.Verify_AppealsTabRecords</td>
<td></td>
<td>0</td>
<td>null</td></tr>
<tr>
<td title='com.qcim.SuiteTwo.Verify_AppealsTabRecords.checkCaseToRun()'><b>checkCaseToRun</b><br>Test class: com.qcim.SuiteTwo.Verify_AppealsTabRecords</td>
<td></td>
<td>0</td>
<td>null</td></tr>
<tr>
<td title='com.qcim.SuiteTwo.Verify_AppealsTabRecords.checkCaseToRun()'><b>checkCaseToRun</b><br>Test class: com.qcim.SuiteTwo.Verify_AppealsTabRecords</td>
<td></td>
<td>0</td>
<td>null</td></tr>
<tr>
<td title='com.qcim.SuiteTwo.Verify_AppealsTabRecords.checkCaseToRun()'><b>checkCaseToRun</b><br>Test class: com.qcim.SuiteTwo.Verify_AppealsTabRecords</td>
<td></td>
<td>0</td>
<td>null</td></tr>
<tr>
<td title='com.qcim.SuiteTwo.Verify_AppealsTabRecords.checkCaseToRun()'><b>checkCaseToRun</b><br>Test class: com.qcim.SuiteTwo.Verify_AppealsTabRecords</td>
<td></td>
<td>0</td>
<td>null</td></tr>
<tr>
<td title='com.qcim.SuiteTwo.Verify_AppealsTabRecords.checkCaseToRun()'><b>checkCaseToRun</b><br>Test class: com.qcim.SuiteTwo.Verify_AppealsTabRecords</td>
<td></td>
<td>0</td>
<td>null</td></tr>
<tr>
<td title='com.qcim.SuiteTwo.Verify_AppealsTabRecords.checkCaseToRun()'><b>checkCaseToRun</b><br>Test class: com.qcim.SuiteTwo.Verify_AppealsTabRecords</td>
<td></td>
<td>0</td>
<td>null</td></tr>
<tr>
<td title='com.qcim.SuiteTwo.Verify_AppealsTabRecords.checkCaseToRun()'><b>checkCaseToRun</b><br>Test class: com.qcim.SuiteTwo.Verify_AppealsTabRecords</td>
<td></td>
<td>0</td>
<td>null</td></tr>
<tr>
<td title='com.qcim.SuiteTwo.Verify_AppealsTabRecords.checkCaseToRun()'><b>checkCaseToRun</b><br>Test class: com.qcim.SuiteTwo.Verify_AppealsTabRecords</td>
<td></td>
<td>0</td>
<td>null</td></tr>
<tr>
<td title='com.qcim.SuiteTwo.Verify_AppealsTabRecords.reporterDataResults()'><b>reporterDataResults</b><br>Test class: com.qcim.SuiteTwo.Verify_AppealsTabRecords</td>
<td></td>
<td>0</td>
<td>com.qcim.SuiteTwo.Verify_AppealsTabRecords@196751b</td></tr>
<tr>
<td title='com.qcim.SuiteTwo.Verify_AppealsTabRecords.afterMethod()'><b>afterMethod</b><br>Test class: com.qcim.SuiteTwo.Verify_AppealsTabRecords</td>
<td></td>
<td>0</td>
<td>null</td></tr>
<tr>
<td title='com.qcim.SuiteTwo.Verify_AppealsTabRecords.afterMethod()'><b>afterMethod</b><br>Test class: com.qcim.SuiteTwo.Verify_AppealsTabRecords</td>
<td></td>
<td>0</td>
<td>null</td></tr>
<tr>
<td title='com.qcim.SuiteTwo.Verify_AppealsTabRecords.afterMethod()'><b>afterMethod</b><br>Test class: com.qcim.SuiteTwo.Verify_AppealsTabRecords</td>
<td></td>
<td>0</td>
<td>null</td></tr>
<tr>
<td title='com.qcim.SuiteTwo.Verify_AppealsTabRecords.afterMethod()'><b>afterMethod</b><br>Test class: com.qcim.SuiteTwo.Verify_AppealsTabRecords</td>
<td></td>
<td>0</td>
<td>null</td></tr>
<tr>
<td title='com.qcim.SuiteTwo.Verify_AppealsTabRecords.afterMethod()'><b>afterMethod</b><br>Test class: com.qcim.SuiteTwo.Verify_AppealsTabRecords</td>
<td></td>
<td>0</td>
<td>null</td></tr>
<tr>
<td title='com.qcim.SuiteTwo.Verify_AppealsTabRecords.afterMethod()'><b>afterMethod</b><br>Test class: com.qcim.SuiteTwo.Verify_AppealsTabRecords</td>
<td></td>
<td>0</td>
<td>null</td></tr>
<tr>
<td title='com.qcim.SuiteTwo.Verify_AppealsTabRecords.afterMethod()'><b>afterMethod</b><br>Test class: com.qcim.SuiteTwo.Verify_AppealsTabRecords</td>
<td></td>
<td>0</td>
<td>null</td></tr>
<tr>
<td title='com.qcim.SuiteTwo.Verify_AppealsTabRecords.afterMethod()'><b>afterMethod</b><br>Test class: com.qcim.SuiteTwo.Verify_AppealsTabRecords</td>
<td></td>
<td>0</td>
<td>null</td></tr>
<tr>
<td title='com.qcim.SuiteTwo.Verify_AppealsTabRecords.afterMethod()'><b>afterMethod</b><br>Test class: com.qcim.SuiteTwo.Verify_AppealsTabRecords</td>
<td></td>
<td>0</td>
<td>null</td></tr>
<tr>
<td title='com.qcim.SuiteTwo.Verify_AppealsTabRecords.afterMethod()'><b>afterMethod</b><br>Test class: com.qcim.SuiteTwo.Verify_AppealsTabRecords</td>
<td></td>
<td>0</td>
<td>null</td></tr>
<tr>
<td title='com.qcim.SuiteTwo.Verify_AppealsTabRecords.afterMethod()'><b>afterMethod</b><br>Test class: com.qcim.SuiteTwo.Verify_AppealsTabRecords</td>
<td></td>
<td>0</td>
<td>null</td></tr>
<tr>
<td title='com.qcim.SuiteTwo.Verify_AppealsTabRecords.afterMethod()'><b>afterMethod</b><br>Test class: com.qcim.SuiteTwo.Verify_AppealsTabRecords</td>
<td></td>
<td>0</td>
<td>null</td></tr>
<tr>
<td title='com.qcim.SuiteTwo.Verify_AppealsTabRecords.afterMethod()'><b>afterMethod</b><br>Test class: com.qcim.SuiteTwo.Verify_AppealsTabRecords</td>
<td></td>
<td>0</td>
<td>null</td></tr>
</table><p>
<table width='100%' border='1' class='invocation-skipped'>
<tr><td colspan='4' align='center'><b>SKIPPED TESTS</b></td></tr>
<tr><td><b>Test method</b></td>
<td width="30%"><b>Exception</b></td>
<td width="10%"><b>Time (seconds)</b></td>
<td><b>Instance</b></td>
</tr>
<tr>
<td title='com.qcim.SuiteOne.Verify_SiteAvailability.TestCase_001()'><b>TestCase_001</b><br>Test class: com.qcim.SuiteOne.Verify_SiteAvailability</td>
<td><div><pre>java.lang.RuntimeException: java.lang.NullPointerException
Caused by: java.lang.NullPointerException
	at com.qcim.utility.Utils.GetTestDataUtility(Utils.java:52)
	at com.qcim.SuiteOne.Verify_SiteAvailability.TestCase_001(Verify_SiteAvailability.java:121)
	... 20 more
... Removed 27 stack frames</pre></div><a href='#' onClick='toggleBox("stack-trace4629538", this, "Click to show all stack frames", "Click to hide stack frames")'>Click to show all stack frames</a>
<div class='stack-trace' id='stack-trace4629538'><pre>java.lang.RuntimeException: java.lang.NullPointerException
	at org.testng.internal.MethodInvocationHelper.invokeDataProvider(MethodInvocationHelper.java:161)
	at org.testng.internal.Parameters.handleParameters(Parameters.java:429)
	at org.testng.internal.Invoker.handleParameters(Invoker.java:1383)
	at org.testng.internal.Invoker.createParameters(Invoker.java:1075)
	at org.testng.internal.Invoker.invokeTestMethods(Invoker.java:1180)
	at org.testng.internal.TestMethodWorker.invokeTestMethods(TestMethodWorker.java:127)
	at org.testng.internal.TestMethodWorker.run(TestMethodWorker.java:111)
	at org.testng.TestRunner.privateRun(TestRunner.java:767)
	at org.testng.TestRunner.run(TestRunner.java:617)
	at org.testng.SuiteRunner.runTest(SuiteRunner.java:334)
	at org.testng.SuiteRunner.runSequentially(SuiteRunner.java:329)
	at org.testng.SuiteRunner.privateRun(SuiteRunner.java:291)
	at org.testng.SuiteRunner.run(SuiteRunner.java:240)
	at org.testng.SuiteRunnerWorker.runSuite(SuiteRunnerWorker.java:52)
	at org.testng.SuiteRunnerWorker.run(SuiteRunnerWorker.java:86)
	at org.testng.TestNG.runSuitesSequentially(TestNG.java:1224)
	at org.testng.TestNG.runSuitesLocally(TestNG.java:1149)
	at org.testng.TestNG.run(TestNG.java:1057)
	at org.testng.remote.RemoteTestNG.run(RemoteTestNG.java:111)
	at org.testng.remote.RemoteTestNG.initAndRun(RemoteTestNG.java:204)
	at org.testng.remote.RemoteTestNG.main(RemoteTestNG.java:175)
Caused by: java.lang.NullPointerException
	at com.qcim.utility.Utils.GetTestDataUtility(Utils.java:52)
	at com.qcim.SuiteOne.Verify_SiteAvailability.TestCase_001(Verify_SiteAvailability.java:121)
	at sun.reflect.NativeMethodAccessorImpl.invoke0(Native Method)
	at sun.reflect.NativeMethodAccessorImpl.invoke(Unknown Source)
	at sun.reflect.DelegatingMethodAccessorImpl.invoke(Unknown Source)
	at java.lang.reflect.Method.invoke(Unknown Source)
	at org.testng.internal.MethodInvocationHelper.invokeMethod(MethodInvocationHelper.java:84)
	at org.testng.internal.MethodInvocationHelper.invokeDataProvider(MethodInvocationHelper.java:135)
	... 20 more
</pre></div></td>
<td>0</td>
<td>com.qcim.SuiteOne.Verify_SiteAvailability@12cbfa</td></tr>
<tr>
<td title='com.qcim.SuiteOne.Verify_DataasofDate.TestCase_002()'><b>TestCase_002</b><br>Test class: com.qcim.SuiteOne.Verify_DataasofDate</td>
<td><div><pre>java.lang.RuntimeException: java.lang.NullPointerException
Caused by: java.lang.NullPointerException
	at com.qcim.utility.Utils.GetTestDataUtility(Utils.java:52)
	at com.qcim.SuiteOne.Verify_DataasofDate.TestCase_002(Verify_DataasofDate.java:124)
	... 20 more
... Removed 27 stack frames</pre></div><a href='#' onClick='toggleBox("stack-trace17705879", this, "Click to show all stack frames", "Click to hide stack frames")'>Click to show all stack frames</a>
<div class='stack-trace' id='stack-trace17705879'><pre>java.lang.RuntimeException: java.lang.NullPointerException
	at org.testng.internal.MethodInvocationHelper.invokeDataProvider(MethodInvocationHelper.java:161)
	at org.testng.internal.Parameters.handleParameters(Parameters.java:429)
	at org.testng.internal.Invoker.handleParameters(Invoker.java:1383)
	at org.testng.internal.Invoker.createParameters(Invoker.java:1075)
	at org.testng.internal.Invoker.invokeTestMethods(Invoker.java:1180)
	at org.testng.internal.TestMethodWorker.invokeTestMethods(TestMethodWorker.java:127)
	at org.testng.internal.TestMethodWorker.run(TestMethodWorker.java:111)
	at org.testng.TestRunner.privateRun(TestRunner.java:767)
	at org.testng.TestRunner.run(TestRunner.java:617)
	at org.testng.SuiteRunner.runTest(SuiteRunner.java:334)
	at org.testng.SuiteRunner.runSequentially(SuiteRunner.java:329)
	at org.testng.SuiteRunner.privateRun(SuiteRunner.java:291)
	at org.testng.SuiteRunner.run(SuiteRunner.java:240)
	at org.testng.SuiteRunnerWorker.runSuite(SuiteRunnerWorker.java:52)
	at org.testng.SuiteRunnerWorker.run(SuiteRunnerWorker.java:86)
	at org.testng.TestNG.runSuitesSequentially(TestNG.java:1224)
	at org.testng.TestNG.runSuitesLocally(TestNG.java:1149)
	at org.testng.TestNG.run(TestNG.java:1057)
	at org.testng.remote.RemoteTestNG.run(RemoteTestNG.java:111)
	at org.testng.remote.RemoteTestNG.initAndRun(RemoteTestNG.java:204)
	at org.testng.remote.RemoteTestNG.main(RemoteTestNG.java:175)
Caused by: java.lang.NullPointerException
	at com.qcim.utility.Utils.GetTestDataUtility(Utils.java:52)
	at com.qcim.SuiteOne.Verify_DataasofDate.TestCase_002(Verify_DataasofDate.java:124)
	at sun.reflect.NativeMethodAccessorImpl.invoke0(Native Method)
	at sun.reflect.NativeMethodAccessorImpl.invoke(Unknown Source)
	at sun.reflect.DelegatingMethodAccessorImpl.invoke(Unknown Source)
	at java.lang.reflect.Method.invoke(Unknown Source)
	at org.testng.internal.MethodInvocationHelper.invokeMethod(MethodInvocationHelper.java:84)
	at org.testng.internal.MethodInvocationHelper.invokeDataProvider(MethodInvocationHelper.java:135)
	... 20 more
</pre></div></td>
<td>0</td>
<td>com.qcim.SuiteOne.Verify_DataasofDate@cf57e3</td></tr>
<tr>
<td title='com.qcim.SuiteOne.Verify_QuickReportcount.TestCase_003()'><b>TestCase_003</b><br>Test class: com.qcim.SuiteOne.Verify_QuickReportcount</td>
<td><div><pre>java.lang.RuntimeException: java.lang.NullPointerException
Caused by: java.lang.NullPointerException
	at com.qcim.utility.Utils.GetTestDataUtility(Utils.java:52)
	at com.qcim.SuiteOne.Verify_QuickReportcount.TestCase_003(Verify_QuickReportcount.java:140)
	... 20 more
... Removed 27 stack frames</pre></div><a href='#' onClick='toggleBox("stack-trace2599475", this, "Click to show all stack frames", "Click to hide stack frames")'>Click to show all stack frames</a>
<div class='stack-trace' id='stack-trace2599475'><pre>java.lang.RuntimeException: java.lang.NullPointerException
	at org.testng.internal.MethodInvocationHelper.invokeDataProvider(MethodInvocationHelper.java:161)
	at org.testng.internal.Parameters.handleParameters(Parameters.java:429)
	at org.testng.internal.Invoker.handleParameters(Invoker.java:1383)
	at org.testng.internal.Invoker.createParameters(Invoker.java:1075)
	at org.testng.internal.Invoker.invokeTestMethods(Invoker.java:1180)
	at org.testng.internal.TestMethodWorker.invokeTestMethods(TestMethodWorker.java:127)
	at org.testng.internal.TestMethodWorker.run(TestMethodWorker.java:111)
	at org.testng.TestRunner.privateRun(TestRunner.java:767)
	at org.testng.TestRunner.run(TestRunner.java:617)
	at org.testng.SuiteRunner.runTest(SuiteRunner.java:334)
	at org.testng.SuiteRunner.runSequentially(SuiteRunner.java:329)
	at org.testng.SuiteRunner.privateRun(SuiteRunner.java:291)
	at org.testng.SuiteRunner.run(SuiteRunner.java:240)
	at org.testng.SuiteRunnerWorker.runSuite(SuiteRunnerWorker.java:52)
	at org.testng.SuiteRunnerWorker.run(SuiteRunnerWorker.java:86)
	at org.testng.TestNG.runSuitesSequentially(TestNG.java:1224)
	at org.testng.TestNG.runSuitesLocally(TestNG.java:1149)
	at org.testng.TestNG.run(TestNG.java:1057)
	at org.testng.remote.RemoteTestNG.run(RemoteTestNG.java:111)
	at org.testng.remote.RemoteTestNG.initAndRun(RemoteTestNG.java:204)
	at org.testng.remote.RemoteTestNG.main(RemoteTestNG.java:175)
Caused by: java.lang.NullPointerException
	at com.qcim.utility.Utils.GetTestDataUtility(Utils.java:52)
	at com.qcim.SuiteOne.Verify_QuickReportcount.TestCase_003(Verify_QuickReportcount.java:140)
	at sun.reflect.NativeMethodAccessorImpl.invoke0(Native Method)
	at sun.reflect.NativeMethodAccessorImpl.invoke(Unknown Source)
	at sun.reflect.DelegatingMethodAccessorImpl.invoke(Unknown Source)
	at java.lang.reflect.Method.invoke(Unknown Source)
	at org.testng.internal.MethodInvocationHelper.invokeMethod(MethodInvocationHelper.java:84)
	at org.testng.internal.MethodInvocationHelper.invokeDataProvider(MethodInvocationHelper.java:135)
	... 20 more
</pre></div></td>
<td>0</td>
<td>com.qcim.SuiteOne.Verify_QuickReportcount@16532d6</td></tr>
<tr>
<td title='com.qcim.SuiteTwo.Verify_LoansTabRecords.TestCase_004()'><b>TestCase_004</b><br>Test class: com.qcim.SuiteTwo.Verify_LoansTabRecords</td>
<td><div><pre>java.lang.RuntimeException: java.lang.NullPointerException
Caused by: java.lang.NullPointerException
	at com.qcim.utility.Utils.GetTestDataUtility(Utils.java:52)
	at com.qcim.SuiteTwo.Verify_LoansTabRecords.TestCase_004(Verify_LoansTabRecords.java:127)
	... 20 more
... Removed 27 stack frames</pre></div><a href='#' onClick='toggleBox("stack-trace3693774", this, "Click to show all stack frames", "Click to hide stack frames")'>Click to show all stack frames</a>
<div class='stack-trace' id='stack-trace3693774'><pre>java.lang.RuntimeException: java.lang.NullPointerException
	at org.testng.internal.MethodInvocationHelper.invokeDataProvider(MethodInvocationHelper.java:161)
	at org.testng.internal.Parameters.handleParameters(Parameters.java:429)
	at org.testng.internal.Invoker.handleParameters(Invoker.java:1383)
	at org.testng.internal.Invoker.createParameters(Invoker.java:1075)
	at org.testng.internal.Invoker.invokeTestMethods(Invoker.java:1180)
	at org.testng.internal.TestMethodWorker.invokeTestMethods(TestMethodWorker.java:127)
	at org.testng.internal.TestMethodWorker.run(TestMethodWorker.java:111)
	at org.testng.TestRunner.privateRun(TestRunner.java:767)
	at org.testng.TestRunner.run(TestRunner.java:617)
	at org.testng.SuiteRunner.runTest(SuiteRunner.java:334)
	at org.testng.SuiteRunner.runSequentially(SuiteRunner.java:329)
	at org.testng.SuiteRunner.privateRun(SuiteRunner.java:291)
	at org.testng.SuiteRunner.run(SuiteRunner.java:240)
	at org.testng.SuiteRunnerWorker.runSuite(SuiteRunnerWorker.java:52)
	at org.testng.SuiteRunnerWorker.run(SuiteRunnerWorker.java:86)
	at org.testng.TestNG.runSuitesSequentially(TestNG.java:1224)
	at org.testng.TestNG.runSuitesLocally(TestNG.java:1149)
	at org.testng.TestNG.run(TestNG.java:1057)
	at org.testng.remote.RemoteTestNG.run(RemoteTestNG.java:111)
	at org.testng.remote.RemoteTestNG.initAndRun(RemoteTestNG.java:204)
	at org.testng.remote.RemoteTestNG.main(RemoteTestNG.java:175)
Caused by: java.lang.NullPointerException
	at com.qcim.utility.Utils.GetTestDataUtility(Utils.java:52)
	at com.qcim.SuiteTwo.Verify_LoansTabRecords.TestCase_004(Verify_LoansTabRecords.java:127)
	at sun.reflect.NativeMethodAccessorImpl.invoke0(Native Method)
	at sun.reflect.NativeMethodAccessorImpl.invoke(Unknown Source)
	at sun.reflect.DelegatingMethodAccessorImpl.invoke(Unknown Source)
	at java.lang.reflect.Method.invoke(Unknown Source)
	at org.testng.internal.MethodInvocationHelper.invokeMethod(MethodInvocationHelper.java:84)
	at org.testng.internal.MethodInvocationHelper.invokeDataProvider(MethodInvocationHelper.java:135)
	... 20 more
</pre></div></td>
<td>0</td>
<td>com.qcim.SuiteTwo.Verify_LoansTabRecords@1f983a6</td></tr>
<tr>
<td title='com.qcim.SuiteTwo.Verify_MissingDocsRecords.TestCase_005()'><b>TestCase_005</b><br>Test class: com.qcim.SuiteTwo.Verify_MissingDocsRecords</td>
<td><div><pre>java.lang.RuntimeException: java.lang.NullPointerException
Caused by: java.lang.NullPointerException
	at com.qcim.utility.Utils.GetTestDataUtility(Utils.java:52)
	at com.qcim.SuiteTwo.Verify_MissingDocsRecords.TestCase_005(Verify_MissingDocsRecords.java:127)
	... 20 more
... Removed 27 stack frames</pre></div><a href='#' onClick='toggleBox("stack-trace31234719", this, "Click to show all stack frames", "Click to hide stack frames")'>Click to show all stack frames</a>
<div class='stack-trace' id='stack-trace31234719'><pre>java.lang.RuntimeException: java.lang.NullPointerException
	at org.testng.internal.MethodInvocationHelper.invokeDataProvider(MethodInvocationHelper.java:161)
	at org.testng.internal.Parameters.handleParameters(Parameters.java:429)
	at org.testng.internal.Invoker.handleParameters(Invoker.java:1383)
	at org.testng.internal.Invoker.createParameters(Invoker.java:1075)
	at org.testng.internal.Invoker.invokeTestMethods(Invoker.java:1180)
	at org.testng.internal.TestMethodWorker.invokeTestMethods(TestMethodWorker.java:127)
	at org.testng.internal.TestMethodWorker.run(TestMethodWorker.java:111)
	at org.testng.TestRunner.privateRun(TestRunner.java:767)
	at org.testng.TestRunner.run(TestRunner.java:617)
	at org.testng.SuiteRunner.runTest(SuiteRunner.java:334)
	at org.testng.SuiteRunner.runSequentially(SuiteRunner.java:329)
	at org.testng.SuiteRunner.privateRun(SuiteRunner.java:291)
	at org.testng.SuiteRunner.run(SuiteRunner.java:240)
	at org.testng.SuiteRunnerWorker.runSuite(SuiteRunnerWorker.java:52)
	at org.testng.SuiteRunnerWorker.run(SuiteRunnerWorker.java:86)
	at org.testng.TestNG.runSuitesSequentially(TestNG.java:1224)
	at org.testng.TestNG.runSuitesLocally(TestNG.java:1149)
	at org.testng.TestNG.run(TestNG.java:1057)
	at org.testng.remote.RemoteTestNG.run(RemoteTestNG.java:111)
	at org.testng.remote.RemoteTestNG.initAndRun(RemoteTestNG.java:204)
	at org.testng.remote.RemoteTestNG.main(RemoteTestNG.java:175)
Caused by: java.lang.NullPointerException
	at com.qcim.utility.Utils.GetTestDataUtility(Utils.java:52)
	at com.qcim.SuiteTwo.Verify_MissingDocsRecords.TestCase_005(Verify_MissingDocsRecords.java:127)
	at sun.reflect.NativeMethodAccessorImpl.invoke0(Native Method)
	at sun.reflect.NativeMethodAccessorImpl.invoke(Unknown Source)
	at sun.reflect.DelegatingMethodAccessorImpl.invoke(Unknown Source)
	at java.lang.reflect.Method.invoke(Unknown Source)
	at org.testng.internal.MethodInvocationHelper.invokeMethod(MethodInvocationHelper.java:84)
	at org.testng.internal.MethodInvocationHelper.invokeDataProvider(MethodInvocationHelper.java:135)
	... 20 more
</pre></div></td>
<td>0</td>
<td>com.qcim.SuiteTwo.Verify_MissingDocsRecords@11baa65</td></tr>
<tr>
<td title='com.qcim.SuiteTwo.Verify_IncompleteDocsRecords.TestCase_006()'><b>TestCase_006</b><br>Test class: com.qcim.SuiteTwo.Verify_IncompleteDocsRecords</td>
<td><div><pre>java.lang.RuntimeException: java.lang.NullPointerException
Caused by: java.lang.NullPointerException
	at com.qcim.utility.Utils.GetTestDataUtility(Utils.java:52)
	at com.qcim.SuiteTwo.Verify_IncompleteDocsRecords.TestCase_006(Verify_IncompleteDocsRecords.java:126)
	... 20 more
... Removed 27 stack frames</pre></div><a href='#' onClick='toggleBox("stack-trace25845280", this, "Click to show all stack frames", "Click to hide stack frames")'>Click to show all stack frames</a>
<div class='stack-trace' id='stack-trace25845280'><pre>java.lang.RuntimeException: java.lang.NullPointerException
	at org.testng.internal.MethodInvocationHelper.invokeDataProvider(MethodInvocationHelper.java:161)
	at org.testng.internal.Parameters.handleParameters(Parameters.java:429)
	at org.testng.internal.Invoker.handleParameters(Invoker.java:1383)
	at org.testng.internal.Invoker.createParameters(Invoker.java:1075)
	at org.testng.internal.Invoker.invokeTestMethods(Invoker.java:1180)
	at org.testng.internal.TestMethodWorker.invokeTestMethods(TestMethodWorker.java:127)
	at org.testng.internal.TestMethodWorker.run(TestMethodWorker.java:111)
	at org.testng.TestRunner.privateRun(TestRunner.java:767)
	at org.testng.TestRunner.run(TestRunner.java:617)
	at org.testng.SuiteRunner.runTest(SuiteRunner.java:334)
	at org.testng.SuiteRunner.runSequentially(SuiteRunner.java:329)
	at org.testng.SuiteRunner.privateRun(SuiteRunner.java:291)
	at org.testng.SuiteRunner.run(SuiteRunner.java:240)
	at org.testng.SuiteRunnerWorker.runSuite(SuiteRunnerWorker.java:52)
	at org.testng.SuiteRunnerWorker.run(SuiteRunnerWorker.java:86)
	at org.testng.TestNG.runSuitesSequentially(TestNG.java:1224)
	at org.testng.TestNG.runSuitesLocally(TestNG.java:1149)
	at org.testng.TestNG.run(TestNG.java:1057)
	at org.testng.remote.RemoteTestNG.run(RemoteTestNG.java:111)
	at org.testng.remote.RemoteTestNG.initAndRun(RemoteTestNG.java:204)
	at org.testng.remote.RemoteTestNG.main(RemoteTestNG.java:175)
Caused by: java.lang.NullPointerException
	at com.qcim.utility.Utils.GetTestDataUtility(Utils.java:52)
	at com.qcim.SuiteTwo.Verify_IncompleteDocsRecords.TestCase_006(Verify_IncompleteDocsRecords.java:126)
	at sun.reflect.NativeMethodAccessorImpl.invoke0(Native Method)
	at sun.reflect.NativeMethodAccessorImpl.invoke(Unknown Source)
	at sun.reflect.DelegatingMethodAccessorImpl.invoke(Unknown Source)
	at java.lang.reflect.Method.invoke(Unknown Source)
	at org.testng.internal.MethodInvocationHelper.invokeMethod(MethodInvocationHelper.java:84)
	at org.testng.internal.MethodInvocationHelper.invokeDataProvider(MethodInvocationHelper.java:135)
	... 20 more
</pre></div></td>
<td>0</td>
<td>com.qcim.SuiteTwo.Verify_IncompleteDocsRecords@df4efb</td></tr>
<tr>
<td title='com.qcim.SuiteTwo.Verify_AppealsTabRecords.TestCase_007()'><b>TestCase_007</b><br>Test class: com.qcim.SuiteTwo.Verify_AppealsTabRecords<br>Parameters: test3@Digitalrisk.com, ***********, Int-RM_CPInternalUserReadOnly<br/>
<a href="#Output-33128902" onClick='toggleBox("Output-33128902", this, "Show output", "Hide output");'>Show output</a>

<a href="#Output-33128902" onClick="toggleAllBoxes();">Show all outputs</a>
<div class='log' id="Output-33128902">
Test Method resides in com.qcim.SuiteTwo.Verify_AppealsTabRecords<br/>
Test Method had the following parameters : test3@Digitalrisk.com&***********&Int-RM_CPInternalUserReadOnly<br/>
Test Status: Skipped<br/>
</div>
</td>
<td></td>
<td>0</td>
<td>com.qcim.SuiteTwo.Verify_AppealsTabRecords@196751b</td></tr>
<tr>
<td title='com.qcim.SuiteThree.Verify_ColMissDocDesc.TestCase_008()'><b>TestCase_008</b><br>Test class: com.qcim.SuiteThree.Verify_ColMissDocDesc</td>
<td><div><pre>java.lang.RuntimeException: java.lang.NullPointerException
Caused by: java.lang.NullPointerException
	at com.qcim.utility.Utils.GetTestDataUtility(Utils.java:52)
	at com.qcim.SuiteThree.Verify_ColMissDocDesc.TestCase_008(Verify_ColMissDocDesc.java:128)
	... 20 more
... Removed 27 stack frames</pre></div><a href='#' onClick='toggleBox("stack-trace8331024", this, "Click to show all stack frames", "Click to hide stack frames")'>Click to show all stack frames</a>
<div class='stack-trace' id='stack-trace8331024'><pre>java.lang.RuntimeException: java.lang.NullPointerException
	at org.testng.internal.MethodInvocationHelper.invokeDataProvider(MethodInvocationHelper.java:161)
	at org.testng.internal.Parameters.handleParameters(Parameters.java:429)
	at org.testng.internal.Invoker.handleParameters(Invoker.java:1383)
	at org.testng.internal.Invoker.createParameters(Invoker.java:1075)
	at org.testng.internal.Invoker.invokeTestMethods(Invoker.java:1180)
	at org.testng.internal.TestMethodWorker.invokeTestMethods(TestMethodWorker.java:127)
	at org.testng.internal.TestMethodWorker.run(TestMethodWorker.java:111)
	at org.testng.TestRunner.privateRun(TestRunner.java:767)
	at org.testng.TestRunner.run(TestRunner.java:617)
	at org.testng.SuiteRunner.runTest(SuiteRunner.java:334)
	at org.testng.SuiteRunner.runSequentially(SuiteRunner.java:329)
	at org.testng.SuiteRunner.privateRun(SuiteRunner.java:291)
	at org.testng.SuiteRunner.run(SuiteRunner.java:240)
	at org.testng.SuiteRunnerWorker.runSuite(SuiteRunnerWorker.java:52)
	at org.testng.SuiteRunnerWorker.run(SuiteRunnerWorker.java:86)
	at org.testng.TestNG.runSuitesSequentially(TestNG.java:1224)
	at org.testng.TestNG.runSuitesLocally(TestNG.java:1149)
	at org.testng.TestNG.run(TestNG.java:1057)
	at org.testng.remote.RemoteTestNG.run(RemoteTestNG.java:111)
	at org.testng.remote.RemoteTestNG.initAndRun(RemoteTestNG.java:204)
	at org.testng.remote.RemoteTestNG.main(RemoteTestNG.java:175)
Caused by: java.lang.NullPointerException
	at com.qcim.utility.Utils.GetTestDataUtility(Utils.java:52)
	at com.qcim.SuiteThree.Verify_ColMissDocDesc.TestCase_008(Verify_ColMissDocDesc.java:128)
	at sun.reflect.NativeMethodAccessorImpl.invoke0(Native Method)
	at sun.reflect.NativeMethodAccessorImpl.invoke(Unknown Source)
	at sun.reflect.DelegatingMethodAccessorImpl.invoke(Unknown Source)
	at java.lang.reflect.Method.invoke(Unknown Source)
	at org.testng.internal.MethodInvocationHelper.invokeMethod(MethodInvocationHelper.java:84)
	at org.testng.internal.MethodInvocationHelper.invokeDataProvider(MethodInvocationHelper.java:135)
	... 20 more
</pre></div></td>
<td>0</td>
<td>com.qcim.SuiteThree.Verify_ColMissDocDesc@11d970</td></tr>
<tr>
<td title='com.qcim.SuiteFour.Verify_LoansTab_1stFileReqDate.TestCase_009()'><b>TestCase_009</b><br>Test class: com.qcim.SuiteFour.Verify_LoansTab_1stFileReqDate</td>
<td><div><pre>java.lang.RuntimeException: java.lang.NullPointerException
Caused by: java.lang.NullPointerException
	at com.qcim.utility.Utils.GetTestDataUtility(Utils.java:52)
	at com.qcim.SuiteFour.Verify_LoansTab_1stFileReqDate.TestCase_009(Verify_LoansTab_1stFileReqDate.java:126)
	... 20 more
... Removed 27 stack frames</pre></div><a href='#' onClick='toggleBox("stack-trace13498557", this, "Click to show all stack frames", "Click to hide stack frames")'>Click to show all stack frames</a>
<div class='stack-trace' id='stack-trace13498557'><pre>java.lang.RuntimeException: java.lang.NullPointerException
	at org.testng.internal.MethodInvocationHelper.invokeDataProvider(MethodInvocationHelper.java:161)
	at org.testng.internal.Parameters.handleParameters(Parameters.java:429)
	at org.testng.internal.Invoker.handleParameters(Invoker.java:1383)
	at org.testng.internal.Invoker.createParameters(Invoker.java:1075)
	at org.testng.internal.Invoker.invokeTestMethods(Invoker.java:1180)
	at org.testng.internal.TestMethodWorker.invokeTestMethods(TestMethodWorker.java:127)
	at org.testng.internal.TestMethodWorker.run(TestMethodWorker.java:111)
	at org.testng.TestRunner.privateRun(TestRunner.java:767)
	at org.testng.TestRunner.run(TestRunner.java:617)
	at org.testng.SuiteRunner.runTest(SuiteRunner.java:334)
	at org.testng.SuiteRunner.runSequentially(SuiteRunner.java:329)
	at org.testng.SuiteRunner.privateRun(SuiteRunner.java:291)
	at org.testng.SuiteRunner.run(SuiteRunner.java:240)
	at org.testng.SuiteRunnerWorker.runSuite(SuiteRunnerWorker.java:52)
	at org.testng.SuiteRunnerWorker.run(SuiteRunnerWorker.java:86)
	at org.testng.TestNG.runSuitesSequentially(TestNG.java:1224)
	at org.testng.TestNG.runSuitesLocally(TestNG.java:1149)
	at org.testng.TestNG.run(TestNG.java:1057)
	at org.testng.remote.RemoteTestNG.run(RemoteTestNG.java:111)
	at org.testng.remote.RemoteTestNG.initAndRun(RemoteTestNG.java:204)
	at org.testng.remote.RemoteTestNG.main(RemoteTestNG.java:175)
Caused by: java.lang.NullPointerException
	at com.qcim.utility.Utils.GetTestDataUtility(Utils.java:52)
	at com.qcim.SuiteFour.Verify_LoansTab_1stFileReqDate.TestCase_009(Verify_LoansTab_1stFileReqDate.java:126)
	at sun.reflect.NativeMethodAccessorImpl.invoke0(Native Method)
	at sun.reflect.NativeMethodAccessorImpl.invoke(Unknown Source)
	at sun.reflect.DelegatingMethodAccessorImpl.invoke(Unknown Source)
	at java.lang.reflect.Method.invoke(Unknown Source)
	at org.testng.internal.MethodInvocationHelper.invokeMethod(MethodInvocationHelper.java:84)
	at org.testng.internal.MethodInvocationHelper.invokeDataProvider(MethodInvocationHelper.java:135)
	... 20 more
</pre></div></td>
<td>0</td>
<td>com.qcim.SuiteFour.Verify_LoansTab_1stFileReqDate@1690630</td></tr>
<tr>
<td title='com.qcim.SuiteThree.Verify_ColIncomDocDesc.TestCase_010()'><b>TestCase_010</b><br>Test class: com.qcim.SuiteThree.Verify_ColIncomDocDesc</td>
<td><div><pre>java.lang.RuntimeException: java.lang.NullPointerException
Caused by: java.lang.NullPointerException
	at com.qcim.utility.Utils.GetTestDataUtility(Utils.java:52)
	at com.qcim.SuiteThree.Verify_ColIncomDocDesc.TestCase_010(Verify_ColIncomDocDesc.java:128)
	... 20 more
... Removed 27 stack frames</pre></div><a href='#' onClick='toggleBox("stack-trace17599129", this, "Click to show all stack frames", "Click to hide stack frames")'>Click to show all stack frames</a>
<div class='stack-trace' id='stack-trace17599129'><pre>java.lang.RuntimeException: java.lang.NullPointerException
	at org.testng.internal.MethodInvocationHelper.invokeDataProvider(MethodInvocationHelper.java:161)
	at org.testng.internal.Parameters.handleParameters(Parameters.java:429)
	at org.testng.internal.Invoker.handleParameters(Invoker.java:1383)
	at org.testng.internal.Invoker.createParameters(Invoker.java:1075)
	at org.testng.internal.Invoker.invokeTestMethods(Invoker.java:1180)
	at org.testng.internal.TestMethodWorker.invokeTestMethods(TestMethodWorker.java:127)
	at org.testng.internal.TestMethodWorker.run(TestMethodWorker.java:111)
	at org.testng.TestRunner.privateRun(TestRunner.java:767)
	at org.testng.TestRunner.run(TestRunner.java:617)
	at org.testng.SuiteRunner.runTest(SuiteRunner.java:334)
	at org.testng.SuiteRunner.runSequentially(SuiteRunner.java:329)
	at org.testng.SuiteRunner.privateRun(SuiteRunner.java:291)
	at org.testng.SuiteRunner.run(SuiteRunner.java:240)
	at org.testng.SuiteRunnerWorker.runSuite(SuiteRunnerWorker.java:52)
	at org.testng.SuiteRunnerWorker.run(SuiteRunnerWorker.java:86)
	at org.testng.TestNG.runSuitesSequentially(TestNG.java:1224)
	at org.testng.TestNG.runSuitesLocally(TestNG.java:1149)
	at org.testng.TestNG.run(TestNG.java:1057)
	at org.testng.remote.RemoteTestNG.run(RemoteTestNG.java:111)
	at org.testng.remote.RemoteTestNG.initAndRun(RemoteTestNG.java:204)
	at org.testng.remote.RemoteTestNG.main(RemoteTestNG.java:175)
Caused by: java.lang.NullPointerException
	at com.qcim.utility.Utils.GetTestDataUtility(Utils.java:52)
	at com.qcim.SuiteThree.Verify_ColIncomDocDesc.TestCase_010(Verify_ColIncomDocDesc.java:128)
	at sun.reflect.NativeMethodAccessorImpl.invoke0(Native Method)
	at sun.reflect.NativeMethodAccessorImpl.invoke(Unknown Source)
	at sun.reflect.DelegatingMethodAccessorImpl.invoke(Unknown Source)
	at java.lang.reflect.Method.invoke(Unknown Source)
	at org.testng.internal.MethodInvocationHelper.invokeMethod(MethodInvocationHelper.java:84)
	at org.testng.internal.MethodInvocationHelper.invokeDataProvider(MethodInvocationHelper.java:135)
	... 20 more
</pre></div></td>
<td>0</td>
<td>com.qcim.SuiteThree.Verify_ColIncomDocDesc@1b64c45</td></tr>
<tr>
<td title='com.qcim.SuiteFour.Verify_DocUploadtab.TestCase_011()'><b>TestCase_011</b><br>Test class: com.qcim.SuiteFour.Verify_DocUploadtab</td>
<td><div><pre>java.lang.RuntimeException: java.lang.NullPointerException
Caused by: java.lang.NullPointerException
	at com.qcim.utility.Utils.GetTestDataUtility(Utils.java:52)
	at com.qcim.SuiteFour.Verify_DocUploadtab.TestCase_011(Verify_DocUploadtab.java:128)
	... 20 more
... Removed 27 stack frames</pre></div><a href='#' onClick='toggleBox("stack-trace830982", this, "Click to show all stack frames", "Click to hide stack frames")'>Click to show all stack frames</a>
<div class='stack-trace' id='stack-trace830982'><pre>java.lang.RuntimeException: java.lang.NullPointerException
	at org.testng.internal.MethodInvocationHelper.invokeDataProvider(MethodInvocationHelper.java:161)
	at org.testng.internal.Parameters.handleParameters(Parameters.java:429)
	at org.testng.internal.Invoker.handleParameters(Invoker.java:1383)
	at org.testng.internal.Invoker.createParameters(Invoker.java:1075)
	at org.testng.internal.Invoker.invokeTestMethods(Invoker.java:1180)
	at org.testng.internal.TestMethodWorker.invokeTestMethods(TestMethodWorker.java:127)
	at org.testng.internal.TestMethodWorker.run(TestMethodWorker.java:111)
	at org.testng.TestRunner.privateRun(TestRunner.java:767)
	at org.testng.TestRunner.run(TestRunner.java:617)
	at org.testng.SuiteRunner.runTest(SuiteRunner.java:334)
	at org.testng.SuiteRunner.runSequentially(SuiteRunner.java:329)
	at org.testng.SuiteRunner.privateRun(SuiteRunner.java:291)
	at org.testng.SuiteRunner.run(SuiteRunner.java:240)
	at org.testng.SuiteRunnerWorker.runSuite(SuiteRunnerWorker.java:52)
	at org.testng.SuiteRunnerWorker.run(SuiteRunnerWorker.java:86)
	at org.testng.TestNG.runSuitesSequentially(TestNG.java:1224)
	at org.testng.TestNG.runSuitesLocally(TestNG.java:1149)
	at org.testng.TestNG.run(TestNG.java:1057)
	at org.testng.remote.RemoteTestNG.run(RemoteTestNG.java:111)
	at org.testng.remote.RemoteTestNG.initAndRun(RemoteTestNG.java:204)
	at org.testng.remote.RemoteTestNG.main(RemoteTestNG.java:175)
Caused by: java.lang.NullPointerException
	at com.qcim.utility.Utils.GetTestDataUtility(Utils.java:52)
	at com.qcim.SuiteFour.Verify_DocUploadtab.TestCase_011(Verify_DocUploadtab.java:128)
	at sun.reflect.NativeMethodAccessorImpl.invoke0(Native Method)
	at sun.reflect.NativeMethodAccessorImpl.invoke(Unknown Source)
	at sun.reflect.DelegatingMethodAccessorImpl.invoke(Unknown Source)
	at java.lang.reflect.Method.invoke(Unknown Source)
	at org.testng.internal.MethodInvocationHelper.invokeMethod(MethodInvocationHelper.java:84)
	at org.testng.internal.MethodInvocationHelper.invokeDataProvider(MethodInvocationHelper.java:135)
	... 20 more
</pre></div></td>
<td>0</td>
<td>com.qcim.SuiteFour.Verify_DocUploadtab@f82f98</td></tr>
<tr>
<td title='com.qcim.SuiteFour.Verify_MissingDateOrdered.TestCase_012()'><b>TestCase_012</b><br>Test class: com.qcim.SuiteFour.Verify_MissingDateOrdered</td>
<td><div><pre>java.lang.RuntimeException: java.lang.NullPointerException
Caused by: java.lang.NullPointerException
	at com.qcim.utility.Utils.GetTestDataUtility(Utils.java:52)
	at com.qcim.SuiteFour.Verify_MissingDateOrdered.TestCase_012(Verify_MissingDateOrdered.java:126)
	... 20 more
... Removed 27 stack frames</pre></div><a href='#' onClick='toggleBox("stack-trace14268424", this, "Click to show all stack frames", "Click to hide stack frames")'>Click to show all stack frames</a>
<div class='stack-trace' id='stack-trace14268424'><pre>java.lang.RuntimeException: java.lang.NullPointerException
	at org.testng.internal.MethodInvocationHelper.invokeDataProvider(MethodInvocationHelper.java:161)
	at org.testng.internal.Parameters.handleParameters(Parameters.java:429)
	at org.testng.internal.Invoker.handleParameters(Invoker.java:1383)
	at org.testng.internal.Invoker.createParameters(Invoker.java:1075)
	at org.testng.internal.Invoker.invokeTestMethods(Invoker.java:1180)
	at org.testng.internal.TestMethodWorker.invokeTestMethods(TestMethodWorker.java:127)
	at org.testng.internal.TestMethodWorker.run(TestMethodWorker.java:111)
	at org.testng.TestRunner.privateRun(TestRunner.java:767)
	at org.testng.TestRunner.run(TestRunner.java:617)
	at org.testng.SuiteRunner.runTest(SuiteRunner.java:334)
	at org.testng.SuiteRunner.runSequentially(SuiteRunner.java:329)
	at org.testng.SuiteRunner.privateRun(SuiteRunner.java:291)
	at org.testng.SuiteRunner.run(SuiteRunner.java:240)
	at org.testng.SuiteRunnerWorker.runSuite(SuiteRunnerWorker.java:52)
	at org.testng.SuiteRunnerWorker.run(SuiteRunnerWorker.java:86)
	at org.testng.TestNG.runSuitesSequentially(TestNG.java:1224)
	at org.testng.TestNG.runSuitesLocally(TestNG.java:1149)
	at org.testng.TestNG.run(TestNG.java:1057)
	at org.testng.remote.RemoteTestNG.run(RemoteTestNG.java:111)
	at org.testng.remote.RemoteTestNG.initAndRun(RemoteTestNG.java:204)
	at org.testng.remote.RemoteTestNG.main(RemoteTestNG.java:175)
Caused by: java.lang.NullPointerException
	at com.qcim.utility.Utils.GetTestDataUtility(Utils.java:52)
	at com.qcim.SuiteFour.Verify_MissingDateOrdered.TestCase_012(Verify_MissingDateOrdered.java:126)
	at sun.reflect.NativeMethodAccessorImpl.invoke0(Native Method)
	at sun.reflect.NativeMethodAccessorImpl.invoke(Unknown Source)
	at sun.reflect.DelegatingMethodAccessorImpl.invoke(Unknown Source)
	at java.lang.reflect.Method.invoke(Unknown Source)
	at org.testng.internal.MethodInvocationHelper.invokeMethod(MethodInvocationHelper.java:84)
	at org.testng.internal.MethodInvocationHelper.invokeDataProvider(MethodInvocationHelper.java:135)
	... 20 more
</pre></div></td>
<td>0</td>
<td>com.qcim.SuiteFour.Verify_MissingDateOrdered@6e6d5e</td></tr>
<tr>
<td title='com.qcim.SuiteFour.Verify_IncompleteDateOrdered.TestCase_013()'><b>TestCase_013</b><br>Test class: com.qcim.SuiteFour.Verify_IncompleteDateOrdered</td>
<td><div><pre>java.lang.RuntimeException: java.lang.NullPointerException
Caused by: java.lang.NullPointerException
	at com.qcim.utility.Utils.GetTestDataUtility(Utils.java:52)
	at com.qcim.SuiteFour.Verify_IncompleteDateOrdered.TestCase_013(Verify_IncompleteDateOrdered.java:126)
	... 20 more
... Removed 27 stack frames</pre></div><a href='#' onClick='toggleBox("stack-trace24683646", this, "Click to show all stack frames", "Click to hide stack frames")'>Click to show all stack frames</a>
<div class='stack-trace' id='stack-trace24683646'><pre>java.lang.RuntimeException: java.lang.NullPointerException
	at org.testng.internal.MethodInvocationHelper.invokeDataProvider(MethodInvocationHelper.java:161)
	at org.testng.internal.Parameters.handleParameters(Parameters.java:429)
	at org.testng.internal.Invoker.handleParameters(Invoker.java:1383)
	at org.testng.internal.Invoker.createParameters(Invoker.java:1075)
	at org.testng.internal.Invoker.invokeTestMethods(Invoker.java:1180)
	at org.testng.internal.TestMethodWorker.invokeTestMethods(TestMethodWorker.java:127)
	at org.testng.internal.TestMethodWorker.run(TestMethodWorker.java:111)
	at org.testng.TestRunner.privateRun(TestRunner.java:767)
	at org.testng.TestRunner.run(TestRunner.java:617)
	at org.testng.SuiteRunner.runTest(SuiteRunner.java:334)
	at org.testng.SuiteRunner.runSequentially(SuiteRunner.java:329)
	at org.testng.SuiteRunner.privateRun(SuiteRunner.java:291)
	at org.testng.SuiteRunner.run(SuiteRunner.java:240)
	at org.testng.SuiteRunnerWorker.runSuite(SuiteRunnerWorker.java:52)
	at org.testng.SuiteRunnerWorker.run(SuiteRunnerWorker.java:86)
	at org.testng.TestNG.runSuitesSequentially(TestNG.java:1224)
	at org.testng.TestNG.runSuitesLocally(TestNG.java:1149)
	at org.testng.TestNG.run(TestNG.java:1057)
	at org.testng.remote.RemoteTestNG.run(RemoteTestNG.java:111)
	at org.testng.remote.RemoteTestNG.initAndRun(RemoteTestNG.java:204)
	at org.testng.remote.RemoteTestNG.main(RemoteTestNG.java:175)
Caused by: java.lang.NullPointerException
	at com.qcim.utility.Utils.GetTestDataUtility(Utils.java:52)
	at com.qcim.SuiteFour.Verify_IncompleteDateOrdered.TestCase_013(Verify_IncompleteDateOrdered.java:126)
	at sun.reflect.NativeMethodAccessorImpl.invoke0(Native Method)
	at sun.reflect.NativeMethodAccessorImpl.invoke(Unknown Source)
	at sun.reflect.DelegatingMethodAccessorImpl.invoke(Unknown Source)
	at java.lang.reflect.Method.invoke(Unknown Source)
	at org.testng.internal.MethodInvocationHelper.invokeMethod(MethodInvocationHelper.java:84)
	at org.testng.internal.MethodInvocationHelper.invokeDataProvider(MethodInvocationHelper.java:135)
	... 20 more
</pre></div></td>
<td>0</td>
<td>com.qcim.SuiteFour.Verify_IncompleteDateOrdered@42b0a6</td></tr>
</table><p>
</body>
</html>