<html>
<head>
<title>TestNG:  TestCase_001</title>
<link href="../testng.css" rel="stylesheet" type="text/css" />
<link href="../my-testng.css" rel="stylesheet" type="text/css" />

<style type="text/css">
.log { display: none;} 
.stack-trace { display: none;} 
</style>
<script type="text/javascript">
<!--
function flip(e) {
  current = e.style.display;
  if (current == 'block') {
    e.style.display = 'none';
    return 0;
  }
  else {
    e.style.display = 'block';
    return 1;
  }
}

function toggleBox(szDivId, elem, msg1, msg2)
{
  var res = -1;  if (document.getElementById) {
    res = flip(document.getElementById(szDivId));
  }
  else if (document.all) {
    // this is the way old msie versions work
    res = flip(document.all[szDivId]);
  }
  if(elem) {
    if(res == 0) elem.innerHTML = msg1; else elem.innerHTML = msg2;
  }

}

function toggleAllBoxes() {
  if (document.getElementsByTagName) {
    d = document.getElementsByTagName('div');
    for (i = 0; i < d.length; i++) {
      if (d[i].className == 'log') {
        flip(d[i]);
      }
    }
  }
}

// -->
</script>

</head>
<body>
<h2 align='center'>TestCase_001</h2><table border='1' align="center">
<tr>
<td>Tests passed/Failed/Skipped:</td><td>0/1/0</td>
</tr><tr>
<td>Started on:</td><td>Mon Sep 18 19:40:07 IST 2017</td>
</tr>
<tr><td>Total time:</td><td>57 seconds (57149 ms)</td>
</tr><tr>
<td>Included groups:</td><td></td>
</tr><tr>
<td>Excluded groups:</td><td></td>
</tr>
</table><p/>
<small><i>(Hover the method name to see the test class name)</i></small><p/>
<table width='100%' border='1' class='invocation-failed'>
<tr><td colspan='4' align='center'><b>FAILED TESTS</b></td></tr>
<tr><td><b>Test method</b></td>
<td width="30%"><b>Exception</b></td>
<td width="10%"><b>Time (seconds)</b></td>
<td><b>Instance</b></td>
</tr>
<tr>
<td title='com.qcim.SuiteOne.Verify_SiteAvailability.TestCase_001()'><b>TestCase_001</b><br>Test class: com.qcim.SuiteOne.Verify_SiteAvailability<br>Parameters: test3@Digitalrisk.com, ***********, Int-RM_CPInternalUserReadOnly<br/>
<a href="#Output-847320212" onClick='toggleBox("Output-847320212", this, "Show output", "Hide output");'>Show output</a>

<a href="#Output-847320212" onClick="toggleAllBoxes();">Show all outputs</a>
<div class='log' id="Output-847320212">
Completed executing Verify_SiteAvailability.TestCase_001<br/>
Test Method resides in com.qcim.SuiteOne.Verify_SiteAvailability<br/>
Test Method had the following parameters : test3@Digitalrisk.com&***********&Int-RM_CPInternalUserReadOnly<br/>
Test Status: Failed<br/>
About to begin executing Verify_SiteAvailability.reporterDataResults<br/>
</div>
</td>
<td><div><pre>java.lang.Throwable: Multiple failures (8):&gt;Failure 1 of 8: --&gt;&gt;org.openqa.selenium.WebDriverException: Failed to connect to binary FirefoxBinary(C:\Program Files (x86)\Mozilla Firefox\firefox.exe) on port 7055; process output follows: 
rovider: PreviousExperimentProvider
1505743814975	addons.manager	DEBUG	Registering shutdown blocker for PreviousExperimentProvider
1505743814975	addons.manager	DEBUG	Provider finished startup: PreviousExperimentProvider
1505743816089	addons.manager	DEBUG	Starting provider: &lt;unnamed-provider&gt;
1505743816089	addons.manager	DEBUG	Registering shutdown blocker for &lt;unnamed-provider&gt;
1505743816090	addons.manager	DEBUG	Provider finished startup: &lt;unnamed-provider&gt;
1505743816096	addons.xpi	INFO	Mapping fxdriver@googlecode.com to C:\Users\SAHIL~1.SIN\AppData\Local\Temp\anonymous5633492782558623452webdriver-profile\extensions\fxdriver@googlecode.com
1505743816096	addons.xpi	DEBUG	Ignoring file entry whose name is not a valid add-on ID: C:\Users\SAHIL~1.SIN\AppData\Local\Temp\anonymous5633492782558623452webdriver-profile\extensions\webdriver-staging
1505743816097	addons.xpi	DEBUG	Existing add-on fxdriver@googlecode.com in app-profile
1505743816098	addons.xpi	INFO	Mapping aushelper@mozilla.org to C:\Program Files (x86)\Mozilla Firefox\browser\features\aushelper@mozilla.org.xpi
1505743816098	addons.xpi	INFO	Mapping clicktoplay-rollout@mozilla.org to C:\Program Files (x86)\Mozilla Firefox\browser\features\clicktoplay-rollout@mozilla.org.xpi
1505743816098	addons.xpi	INFO	Mapping e10srollout@mozilla.org to C:\Program Files (x86)\Mozilla Firefox\browser\features\e10srollout@mozilla.org.xpi
1505743816098	addons.xpi	INFO	Mapping firefox@getpocket.com to C:\Program Files (x86)\Mozilla Firefox\browser\features\firefox@getpocket.com.xpi
1505743816098	addons.xpi	INFO	Mapping followonsearch@mozilla.com to C:\Program Files (x86)\Mozilla Firefox\browser\features\followonsearch@mozilla.com.xpi
1505743816098	addons.xpi	INFO	Mapping screenshots@mozilla.org to C:\Program Files (x86)\Mozilla Firefox\browser\features\screenshots@mozilla.org.xpi
1505743816099	addons.xpi	INFO	Mapping shield-recipe-client@mozilla.org to C:\Program Files (x86)\Mozilla Firefox\browser\features\shield-recipe-client@mozilla.org.xpi
1505743816099	addons.xpi	INFO	Mapping webcompat@mozilla.org to C:\Program Files (x86)\Mozilla Firefox\browser\features\webcompat@mozilla.org.xpi
1505743816099	addons.xpi	DEBUG	Existing add-on aushelper@mozilla.org in app-system-defaults
1505743816100	addons.xpi	DEBUG	Existing add-on clicktoplay-rollout@mozilla.org in app-system-defaults
1505743816100	addons.xpi	DEBUG	Existing add-on e10srollout@mozilla.org in app-system-defaults
1505743816100	addons.xpi	DEBUG	Existing add-on firefox@getpocket.com in app-system-defaults
1505743816101	addons.xpi	DEBUG	Existing add-on followonsearch@mozilla.com in app-system-defaults
1505743816101	addons.xpi	DEBUG	Existing add-on screenshots@mozilla.org in app-system-defaults
1505743816101	addons.xpi	DEBUG	Existing add-on shield-recipe-client@mozilla.org in app-system-defaults
1505743816101	addons.xpi	DEBUG	Existing add-on webcompat@mozilla.org in app-system-defaults
1505743816102	addons.xpi	INFO	Mapping {972ce4c6-7e08-4474-a285-3208198ce6fd} to C:\Program Files (x86)\Mozilla Firefox\browser\extensions\{972ce4c6-7e08-4474-a285-3208198ce6fd}.xpi
1505743816102	addons.xpi	DEBUG	Existing add-on {972ce4c6-7e08-4474-a285-3208198ce6fd} in app-global
1505743816103	addons.xpi	DEBUG	Existing add-on web2pdfextension@web2pdf.adobedotcom in winreg-app-global
1505743816103	addons.xpi	DEBUG	getInstallState changed: false, state: {}
1505743816154	addons.productaddons	INFO	sending request to: https://aus5.mozilla.org/update/3/GMP/55.0.3/20170824053622/WINNT_x86-msvc-x64/en-US/release/Windows_NT%206.1.1.0%20(x64)/default/default/update.xml
1505743818069	addons.productaddons	INFO	Completed downloading document
1505743818878	addons.productaddons	INFO	downloadXHR File download. status=200
1505743818883	addons.productaddons	INFO	Downloaded file will be saved to C:\Users\SAHIL~1.SIN\AppData\Local\Temp\tmpaddon
1505743823040	addons.productaddons	INFO	downloadXHR File download. status=200
1505743823044	addons.productaddons	INFO	Downloaded file will be saved to C:\Users\SAHIL~1.SIN\AppData\Local\Temp\tmpaddon

Build info: version: &apos;2.44.0&apos;, revision: &apos;76d78cf&apos;, time: &apos;2014-10-23 20:03:00&apos;
System info: host: &apos;2LY89F2&apos;, ip: &apos;10.32.74.40&apos;, os.name: &apos;Windows 7&apos;, os.arch: &apos;amd64&apos;, os.version: &apos;6.1&apos;, java.version: &apos;1.8.0_121&apos;
Driver info: driver.version: FirefoxDriver
	at org.openqa.selenium.firefox.internal.NewProfileExtensionConnection.start(NewProfileExtensionConnection.java:130)
	at org.openqa.selenium.firefox.FirefoxDriver.startClient(FirefoxDriver.java:246)
	at org.openqa.selenium.remote.RemoteWebDriver.&lt;init&gt;(RemoteWebDriver.java:114)
	at org.openqa.selenium.firefox.FirefoxDriver.&lt;init&gt;(FirefoxDriver.java:193)
	at org.openqa.selenium.firefox.FirefoxDriver.&lt;init&gt;(FirefoxDriver.java:186)
	at org.openqa.selenium.firefox.FirefoxDriver.&lt;init&gt;(FirefoxDriver.java:182)
	at org.openqa.selenium.firefox.FirefoxDriver.&lt;init&gt;(FirefoxDriver.java:95)
	at com.qcim.appModules.BaseClass.loadWebBrowser(BaseClass.java:106)
	at com.qcim.SuiteOne.Verify_SiteAvailability.TestCase_001(Verify_SiteAvailability.java:86)
Caused by: org.openqa.selenium.firefox.NotConnectedException: Unable to connect to host 127.0.0.1 on port 7055 after 45000 ms. Firefox console output:
rovider: PreviousExperimentProvider
1505743814975	addons.manager	DEBUG	Registering shutdown blocker for PreviousExperimentProvider
1505743814975	addons.manager	DEBUG	Provider finished startup: PreviousExperimentProvider
1505743816089	addons.manager	DEBUG	Starting provider: &lt;unnamed-provider&gt;
1505743816089	addons.manager	DEBUG	Registering shutdown blocker for &lt;unnamed-provider&gt;
1505743816090	addons.manager	DEBUG	Provider finished startup: &lt;unnamed-provider&gt;
1505743816096	addons.xpi	INFO	Mapping fxdriver@googlecode.com to C:\Users\SAHIL~1.SIN\AppData\Local\Temp\anonymous5633492782558623452webdriver-profile\extensions\fxdriver@googlecode.com
1505743816096	addons.xpi	DEBUG	Ignoring file entry whose name is not a valid add-on ID: C:\Users\SAHIL~1.SIN\AppData\Local\Temp\anonymous5633492782558623452webdriver-profile\extensions\webdriver-staging
1505743816097	addons.xpi	DEBUG	Existing add-on fxdriver@googlecode.com in app-profile
1505743816098	addons.xpi	INFO	Mapping aushelper@mozilla.org to C:\Program Files (x86)\Mozilla Firefox\browser\features\aushelper@mozilla.org.xpi
1505743816098	addons.xpi	INFO	Mapping clicktoplay-rollout@mozilla.org to C:\Program Files (x86)\Mozilla Firefox\browser\features\clicktoplay-rollout@mozilla.org.xpi
1505743816098	addons.xpi	INFO	Mapping e10srollout@mozilla.org to C:\Program Files (x86)\Mozilla Firefox\browser\features\e10srollout@mozilla.org.xpi
1505743816098	addons.xpi	INFO	Mapping firefox@getpocket.com to C:\Program Files (x86)\Mozilla Firefox\browser\features\firefox@getpocket.com.xpi
1505743816098	addons.xpi	INFO	Mapping followonsearch@mozilla.com to C:\Program Files (x86)\Mozilla Firefox\browser\features\followonsearch@mozilla.com.xpi
1505743816098	addons.xpi	INFO	Mapping screenshots@mozilla.org to C:\Program Files (x86)\Mozilla Firefox\browser\features\screenshots@mozilla.org.xpi
1505743816099	addons.xpi	INFO	Mapping shield-recipe-client@mozilla.org to C:\Program Files (x86)\Mozilla Firefox\browser\features\shield-recipe-client@mozilla.org.xpi
1505743816099	addons.xpi	INFO	Mapping webcompat@mozilla.org to C:\Program Files (x86)\Mozilla Firefox\browser\features\webcompat@mozilla.org.xpi
1505743816099	addons.xpi	DEBUG	Existing add-on aushelper@mozilla.org in app-system-defaults
1505743816100	addons.xpi	DEBUG	Existing add-on clicktoplay-rollout@mozilla.org in app-system-defaults
1505743816100	addons.xpi	DEBUG	Existing add-on e10srollout@mozilla.org in app-system-defaults
1505743816100	addons.xpi	DEBUG	Existing add-on firefox@getpocket.com in app-system-defaults
1505743816101	addons.xpi	DEBUG	Existing add-on followonsearch@mozilla.com in app-system-defaults
1505743816101	addons.xpi	DEBUG	Existing add-on screenshots@mozilla.org in app-system-defaults
1505743816101	addons.xpi	DEBUG	Existing add-on shield-recipe-client@mozilla.org in app-system-defaults
1505743816101	addons.xpi	DEBUG	Existing add-on webcompat@mozilla.org in app-system-defaults
1505743816102	addons.xpi	INFO	Mapping {972ce4c6-7e08-4474-a285-3208198ce6fd} to C:\Program Files (x86)\Mozilla Firefox\browser\extensions\{972ce4c6-7e08-4474-a285-3208198ce6fd}.xpi
1505743816102	addons.xpi	DEBUG	Existing add-on {972ce4c6-7e08-4474-a285-3208198ce6fd} in app-global
1505743816103	addons.xpi	DEBUG	Existing add-on web2pdfextension@web2pdf.adobedotcom in winreg-app-global
1505743816103	addons.xpi	DEBUG	getInstallState changed: false, state: {}
1505743816154	addons.productaddons	INFO	sending request to: https://aus5.mozilla.org/update/3/GMP/55.0.3/20170824053622/WINNT_x86-msvc-x64/en-US/release/Windows_NT%206.1.1.0%20(x64)/default/default/update.xml
1505743818069	addons.productaddons	INFO	Completed downloading document
1505743818878	addons.productaddons	INFO	downloadXHR File download. status=200
1505743818883	addons.productaddons	INFO	Downloaded file will be saved to C:\Users\SAHIL~1.SIN\AppData\Local\Temp\tmpaddon
1505743823040	addons.productaddons	INFO	downloadXHR File download. status=200
1505743823044	addons.productaddons	INFO	Downloaded file will be saved to C:\Users\SAHIL~1.SIN\AppData\Local\Temp\tmpaddon

	at org.openqa.selenium.firefox.internal.NewProfileExtensionConnection.start(NewProfileExtensionConnection.java:118)
	... 32 more
--&gt;&gt;Failure 2 of 8: --&gt;&gt;java.lang.NullPointerException
	at com.qcim.appModules.Functions.NavigateURL(Functions.java:114)
	at com.qcim.appModules.Functions.ExcecuteFunction(Functions.java:651)
	at com.qcim.SuiteOne.Verify_SiteAvailability.TestCase_001(Verify_SiteAvailability.java:87)
--&gt;&gt;Failure 3 of 8: --&gt;&gt;java.lang.NullPointerException
	at com.qcim.appModules.Functions.input(Functions.java:99)
	at com.qcim.appModules.Functions.SignIn(Functions.java:50)
	at com.qcim.appModules.Functions.ExcecuteFunction(Functions.java:661)
	at com.qcim.SuiteOne.Verify_SiteAvailability.TestCase_001(Verify_SiteAvailability.java:88)
--&gt;&gt;Failure 4 of 8: --&gt;&gt;java.lang.NullPointerException
	at com.qcim.appModules.Functions.input(Functions.java:99)
	at com.qcim.appModules.Functions.SignIn(Functions.java:52)
	at com.qcim.appModules.Functions.ExcecuteFunction(Functions.java:661)
	at com.qcim.SuiteOne.Verify_SiteAvailability.TestCase_001(Verify_SiteAvailability.java:88)
--&gt;&gt;Failure 5 of 8: --&gt;&gt;java.lang.NullPointerException
	at com.qcim.appModules.Functions.ClickbyXpath(Functions.java:153)
	at com.qcim.appModules.Functions.SignIn(Functions.java:53)
	at com.qcim.appModules.Functions.ExcecuteFunction(Functions.java:661)
	at com.qcim.SuiteOne.Verify_SiteAvailability.TestCase_001(Verify_SiteAvailability.java:88)
--&gt;&gt;Failure 6 of 8: --&gt;&gt;java.lang.NullPointerException
	at com.qcim.appModules.Functions.verifylogin(Functions.java:79)
	at com.qcim.appModules.Functions.SignIn(Functions.java:54)
	at com.qcim.appModules.Functions.ExcecuteFunction(Functions.java:661)
	at com.qcim.SuiteOne.Verify_SiteAvailability.TestCase_001(Verify_SiteAvailability.java:88)
--&gt;&gt;Failure 7 of 8: --&gt;&gt;java.lang.NullPointerException
	at com.qcim.appModules.Functions.I_AgreeClick(Functions.java:131)
	at com.qcim.appModules.Functions.ExcecuteFunction(Functions.java:673)
	at com.qcim.SuiteOne.Verify_SiteAvailability.TestCase_001(Verify_SiteAvailability.java:89)
--&gt;&gt;Failure 8 of 8: --&gt;&gt;java.lang.NullPointerException
	at com.qcim.appModules.Functions.ClickbyXpath(Functions.java:153)
	at com.qcim.appModules.Functions.ExcecuteFunction(Functions.java:683)
	at com.qcim.SuiteOne.Verify_SiteAvailability.TestCase_001(Verify_SiteAvailability.java:91)
... Removed 192 stack frames</pre></div><a href='#' onClick='toggleBox("stack-trace847320212", this, "Click to show all stack frames", "Click to hide stack frames")'>Click to show all stack frames</a>
<div class='stack-trace' id='stack-trace847320212'><pre>java.lang.Throwable: Multiple failures (8):&gt;Failure 1 of 8: --&gt;&gt;org.openqa.selenium.WebDriverException: Failed to connect to binary FirefoxBinary(C:\Program Files (x86)\Mozilla Firefox\firefox.exe) on port 7055; process output follows: 
rovider: PreviousExperimentProvider
1505743814975	addons.manager	DEBUG	Registering shutdown blocker for PreviousExperimentProvider
1505743814975	addons.manager	DEBUG	Provider finished startup: PreviousExperimentProvider
1505743816089	addons.manager	DEBUG	Starting provider: &lt;unnamed-provider&gt;
1505743816089	addons.manager	DEBUG	Registering shutdown blocker for &lt;unnamed-provider&gt;
1505743816090	addons.manager	DEBUG	Provider finished startup: &lt;unnamed-provider&gt;
1505743816096	addons.xpi	INFO	Mapping fxdriver@googlecode.com to C:\Users\SAHIL~1.SIN\AppData\Local\Temp\anonymous5633492782558623452webdriver-profile\extensions\fxdriver@googlecode.com
1505743816096	addons.xpi	DEBUG	Ignoring file entry whose name is not a valid add-on ID: C:\Users\SAHIL~1.SIN\AppData\Local\Temp\anonymous5633492782558623452webdriver-profile\extensions\webdriver-staging
1505743816097	addons.xpi	DEBUG	Existing add-on fxdriver@googlecode.com in app-profile
1505743816098	addons.xpi	INFO	Mapping aushelper@mozilla.org to C:\Program Files (x86)\Mozilla Firefox\browser\features\aushelper@mozilla.org.xpi
1505743816098	addons.xpi	INFO	Mapping clicktoplay-rollout@mozilla.org to C:\Program Files (x86)\Mozilla Firefox\browser\features\clicktoplay-rollout@mozilla.org.xpi
1505743816098	addons.xpi	INFO	Mapping e10srollout@mozilla.org to C:\Program Files (x86)\Mozilla Firefox\browser\features\e10srollout@mozilla.org.xpi
1505743816098	addons.xpi	INFO	Mapping firefox@getpocket.com to C:\Program Files (x86)\Mozilla Firefox\browser\features\firefox@getpocket.com.xpi
1505743816098	addons.xpi	INFO	Mapping followonsearch@mozilla.com to C:\Program Files (x86)\Mozilla Firefox\browser\features\followonsearch@mozilla.com.xpi
1505743816098	addons.xpi	INFO	Mapping screenshots@mozilla.org to C:\Program Files (x86)\Mozilla Firefox\browser\features\screenshots@mozilla.org.xpi
1505743816099	addons.xpi	INFO	Mapping shield-recipe-client@mozilla.org to C:\Program Files (x86)\Mozilla Firefox\browser\features\shield-recipe-client@mozilla.org.xpi
1505743816099	addons.xpi	INFO	Mapping webcompat@mozilla.org to C:\Program Files (x86)\Mozilla Firefox\browser\features\webcompat@mozilla.org.xpi
1505743816099	addons.xpi	DEBUG	Existing add-on aushelper@mozilla.org in app-system-defaults
1505743816100	addons.xpi	DEBUG	Existing add-on clicktoplay-rollout@mozilla.org in app-system-defaults
1505743816100	addons.xpi	DEBUG	Existing add-on e10srollout@mozilla.org in app-system-defaults
1505743816100	addons.xpi	DEBUG	Existing add-on firefox@getpocket.com in app-system-defaults
1505743816101	addons.xpi	DEBUG	Existing add-on followonsearch@mozilla.com in app-system-defaults
1505743816101	addons.xpi	DEBUG	Existing add-on screenshots@mozilla.org in app-system-defaults
1505743816101	addons.xpi	DEBUG	Existing add-on shield-recipe-client@mozilla.org in app-system-defaults
1505743816101	addons.xpi	DEBUG	Existing add-on webcompat@mozilla.org in app-system-defaults
1505743816102	addons.xpi	INFO	Mapping {972ce4c6-7e08-4474-a285-3208198ce6fd} to C:\Program Files (x86)\Mozilla Firefox\browser\extensions\{972ce4c6-7e08-4474-a285-3208198ce6fd}.xpi
1505743816102	addons.xpi	DEBUG	Existing add-on {972ce4c6-7e08-4474-a285-3208198ce6fd} in app-global
1505743816103	addons.xpi	DEBUG	Existing add-on web2pdfextension@web2pdf.adobedotcom in winreg-app-global
1505743816103	addons.xpi	DEBUG	getInstallState changed: false, state: {}
1505743816154	addons.productaddons	INFO	sending request to: https://aus5.mozilla.org/update/3/GMP/55.0.3/20170824053622/WINNT_x86-msvc-x64/en-US/release/Windows_NT%206.1.1.0%20(x64)/default/default/update.xml
1505743818069	addons.productaddons	INFO	Completed downloading document
1505743818878	addons.productaddons	INFO	downloadXHR File download. status=200
1505743818883	addons.productaddons	INFO	Downloaded file will be saved to C:\Users\SAHIL~1.SIN\AppData\Local\Temp\tmpaddon
1505743823040	addons.productaddons	INFO	downloadXHR File download. status=200
1505743823044	addons.productaddons	INFO	Downloaded file will be saved to C:\Users\SAHIL~1.SIN\AppData\Local\Temp\tmpaddon

Build info: version: &apos;2.44.0&apos;, revision: &apos;76d78cf&apos;, time: &apos;2014-10-23 20:03:00&apos;
System info: host: &apos;2LY89F2&apos;, ip: &apos;10.32.74.40&apos;, os.name: &apos;Windows 7&apos;, os.arch: &apos;amd64&apos;, os.version: &apos;6.1&apos;, java.version: &apos;1.8.0_121&apos;
Driver info: driver.version: FirefoxDriver
	at org.openqa.selenium.firefox.internal.NewProfileExtensionConnection.start(NewProfileExtensionConnection.java:130)
	at org.openqa.selenium.firefox.FirefoxDriver.startClient(FirefoxDriver.java:246)
	at org.openqa.selenium.remote.RemoteWebDriver.&lt;init&gt;(RemoteWebDriver.java:114)
	at org.openqa.selenium.firefox.FirefoxDriver.&lt;init&gt;(FirefoxDriver.java:193)
	at org.openqa.selenium.firefox.FirefoxDriver.&lt;init&gt;(FirefoxDriver.java:186)
	at org.openqa.selenium.firefox.FirefoxDriver.&lt;init&gt;(FirefoxDriver.java:182)
	at org.openqa.selenium.firefox.FirefoxDriver.&lt;init&gt;(FirefoxDriver.java:95)
	at com.qcim.appModules.BaseClass.loadWebBrowser(BaseClass.java:106)
	at com.qcim.SuiteOne.Verify_SiteAvailability.TestCase_001(Verify_SiteAvailability.java:86)
	at sun.reflect.NativeMethodAccessorImpl.invoke0(Native Method)
	at sun.reflect.NativeMethodAccessorImpl.invoke(Unknown Source)
	at sun.reflect.DelegatingMethodAccessorImpl.invoke(Unknown Source)
	at java.lang.reflect.Method.invoke(Unknown Source)
	at org.testng.internal.MethodInvocationHelper.invokeMethod(MethodInvocationHelper.java:84)
	at org.testng.internal.Invoker.invokeMethod(Invoker.java:714)
	at org.testng.internal.Invoker.invokeTestMethod(Invoker.java:901)
	at org.testng.internal.Invoker.invokeTestMethods(Invoker.java:1231)
	at org.testng.internal.TestMethodWorker.invokeTestMethods(TestMethodWorker.java:127)
	at org.testng.internal.TestMethodWorker.run(TestMethodWorker.java:111)
	at org.testng.TestRunner.privateRun(TestRunner.java:767)
	at org.testng.TestRunner.run(TestRunner.java:617)
	at org.testng.SuiteRunner.runTest(SuiteRunner.java:334)
	at org.testng.SuiteRunner.runSequentially(SuiteRunner.java:329)
	at org.testng.SuiteRunner.privateRun(SuiteRunner.java:291)
	at org.testng.SuiteRunner.run(SuiteRunner.java:240)
	at org.testng.SuiteRunnerWorker.runSuite(SuiteRunnerWorker.java:52)
	at org.testng.SuiteRunnerWorker.run(SuiteRunnerWorker.java:86)
	at org.testng.TestNG.runSuitesSequentially(TestNG.java:1224)
	at org.testng.TestNG.runSuitesLocally(TestNG.java:1149)
	at org.testng.TestNG.run(TestNG.java:1057)
	at org.testng.remote.AbstractRemoteTestNG.run(AbstractRemoteTestNG.java:132)
	at org.testng.remote.RemoteTestNG.initAndRun(RemoteTestNG.java:230)
	at org.testng.remote.RemoteTestNG.main(RemoteTestNG.java:76)
Caused by: org.openqa.selenium.firefox.NotConnectedException: Unable to connect to host 127.0.0.1 on port 7055 after 45000 ms. Firefox console output:
rovider: PreviousExperimentProvider
1505743814975	addons.manager	DEBUG	Registering shutdown blocker for PreviousExperimentProvider
1505743814975	addons.manager	DEBUG	Provider finished startup: PreviousExperimentProvider
1505743816089	addons.manager	DEBUG	Starting provider: &lt;unnamed-provider&gt;
1505743816089	addons.manager	DEBUG	Registering shutdown blocker for &lt;unnamed-provider&gt;
1505743816090	addons.manager	DEBUG	Provider finished startup: &lt;unnamed-provider&gt;
1505743816096	addons.xpi	INFO	Mapping fxdriver@googlecode.com to C:\Users\SAHIL~1.SIN\AppData\Local\Temp\anonymous5633492782558623452webdriver-profile\extensions\fxdriver@googlecode.com
1505743816096	addons.xpi	DEBUG	Ignoring file entry whose name is not a valid add-on ID: C:\Users\SAHIL~1.SIN\AppData\Local\Temp\anonymous5633492782558623452webdriver-profile\extensions\webdriver-staging
1505743816097	addons.xpi	DEBUG	Existing add-on fxdriver@googlecode.com in app-profile
1505743816098	addons.xpi	INFO	Mapping aushelper@mozilla.org to C:\Program Files (x86)\Mozilla Firefox\browser\features\aushelper@mozilla.org.xpi
1505743816098	addons.xpi	INFO	Mapping clicktoplay-rollout@mozilla.org to C:\Program Files (x86)\Mozilla Firefox\browser\features\clicktoplay-rollout@mozilla.org.xpi
1505743816098	addons.xpi	INFO	Mapping e10srollout@mozilla.org to C:\Program Files (x86)\Mozilla Firefox\browser\features\e10srollout@mozilla.org.xpi
1505743816098	addons.xpi	INFO	Mapping firefox@getpocket.com to C:\Program Files (x86)\Mozilla Firefox\browser\features\firefox@getpocket.com.xpi
1505743816098	addons.xpi	INFO	Mapping followonsearch@mozilla.com to C:\Program Files (x86)\Mozilla Firefox\browser\features\followonsearch@mozilla.com.xpi
1505743816098	addons.xpi	INFO	Mapping screenshots@mozilla.org to C:\Program Files (x86)\Mozilla Firefox\browser\features\screenshots@mozilla.org.xpi
1505743816099	addons.xpi	INFO	Mapping shield-recipe-client@mozilla.org to C:\Program Files (x86)\Mozilla Firefox\browser\features\shield-recipe-client@mozilla.org.xpi
1505743816099	addons.xpi	INFO	Mapping webcompat@mozilla.org to C:\Program Files (x86)\Mozilla Firefox\browser\features\webcompat@mozilla.org.xpi
1505743816099	addons.xpi	DEBUG	Existing add-on aushelper@mozilla.org in app-system-defaults
1505743816100	addons.xpi	DEBUG	Existing add-on clicktoplay-rollout@mozilla.org in app-system-defaults
1505743816100	addons.xpi	DEBUG	Existing add-on e10srollout@mozilla.org in app-system-defaults
1505743816100	addons.xpi	DEBUG	Existing add-on firefox@getpocket.com in app-system-defaults
1505743816101	addons.xpi	DEBUG	Existing add-on followonsearch@mozilla.com in app-system-defaults
1505743816101	addons.xpi	DEBUG	Existing add-on screenshots@mozilla.org in app-system-defaults
1505743816101	addons.xpi	DEBUG	Existing add-on shield-recipe-client@mozilla.org in app-system-defaults
1505743816101	addons.xpi	DEBUG	Existing add-on webcompat@mozilla.org in app-system-defaults
1505743816102	addons.xpi	INFO	Mapping {972ce4c6-7e08-4474-a285-3208198ce6fd} to C:\Program Files (x86)\Mozilla Firefox\browser\extensions\{972ce4c6-7e08-4474-a285-3208198ce6fd}.xpi
1505743816102	addons.xpi	DEBUG	Existing add-on {972ce4c6-7e08-4474-a285-3208198ce6fd} in app-global
1505743816103	addons.xpi	DEBUG	Existing add-on web2pdfextension@web2pdf.adobedotcom in winreg-app-global
1505743816103	addons.xpi	DEBUG	getInstallState changed: false, state: {}
1505743816154	addons.productaddons	INFO	sending request to: https://aus5.mozilla.org/update/3/GMP/55.0.3/20170824053622/WINNT_x86-msvc-x64/en-US/release/Windows_NT%206.1.1.0%20(x64)/default/default/update.xml
1505743818069	addons.productaddons	INFO	Completed downloading document
1505743818878	addons.productaddons	INFO	downloadXHR File download. status=200
1505743818883	addons.productaddons	INFO	Downloaded file will be saved to C:\Users\SAHIL~1.SIN\AppData\Local\Temp\tmpaddon
1505743823040	addons.productaddons	INFO	downloadXHR File download. status=200
1505743823044	addons.productaddons	INFO	Downloaded file will be saved to C:\Users\SAHIL~1.SIN\AppData\Local\Temp\tmpaddon

	at org.openqa.selenium.firefox.internal.NewProfileExtensionConnection.start(NewProfileExtensionConnection.java:118)
	... 32 more
--&gt;&gt;Failure 2 of 8: --&gt;&gt;java.lang.NullPointerException
	at com.qcim.appModules.Functions.NavigateURL(Functions.java:114)
	at com.qcim.appModules.Functions.ExcecuteFunction(Functions.java:651)
	at com.qcim.SuiteOne.Verify_SiteAvailability.TestCase_001(Verify_SiteAvailability.java:87)
	at sun.reflect.NativeMethodAccessorImpl.invoke0(Native Method)
	at sun.reflect.NativeMethodAccessorImpl.invoke(Unknown Source)
	at sun.reflect.DelegatingMethodAccessorImpl.invoke(Unknown Source)
	at java.lang.reflect.Method.invoke(Unknown Source)
	at org.testng.internal.MethodInvocationHelper.invokeMethod(MethodInvocationHelper.java:84)
	at org.testng.internal.Invoker.invokeMethod(Invoker.java:714)
	at org.testng.internal.Invoker.invokeTestMethod(Invoker.java:901)
	at org.testng.internal.Invoker.invokeTestMethods(Invoker.java:1231)
	at org.testng.internal.TestMethodWorker.invokeTestMethods(TestMethodWorker.java:127)
	at org.testng.internal.TestMethodWorker.run(TestMethodWorker.java:111)
	at org.testng.TestRunner.privateRun(TestRunner.java:767)
	at org.testng.TestRunner.run(TestRunner.java:617)
	at org.testng.SuiteRunner.runTest(SuiteRunner.java:334)
	at org.testng.SuiteRunner.runSequentially(SuiteRunner.java:329)
	at org.testng.SuiteRunner.privateRun(SuiteRunner.java:291)
	at org.testng.SuiteRunner.run(SuiteRunner.java:240)
	at org.testng.SuiteRunnerWorker.runSuite(SuiteRunnerWorker.java:52)
	at org.testng.SuiteRunnerWorker.run(SuiteRunnerWorker.java:86)
	at org.testng.TestNG.runSuitesSequentially(TestNG.java:1224)
	at org.testng.TestNG.runSuitesLocally(TestNG.java:1149)
	at org.testng.TestNG.run(TestNG.java:1057)
	at org.testng.remote.AbstractRemoteTestNG.run(AbstractRemoteTestNG.java:132)
	at org.testng.remote.RemoteTestNG.initAndRun(RemoteTestNG.java:230)
	at org.testng.remote.RemoteTestNG.main(RemoteTestNG.java:76)
--&gt;&gt;Failure 3 of 8: --&gt;&gt;java.lang.NullPointerException
	at com.qcim.appModules.Functions.input(Functions.java:99)
	at com.qcim.appModules.Functions.SignIn(Functions.java:50)
	at com.qcim.appModules.Functions.ExcecuteFunction(Functions.java:661)
	at com.qcim.SuiteOne.Verify_SiteAvailability.TestCase_001(Verify_SiteAvailability.java:88)
	at sun.reflect.NativeMethodAccessorImpl.invoke0(Native Method)
	at sun.reflect.NativeMethodAccessorImpl.invoke(Unknown Source)
	at sun.reflect.DelegatingMethodAccessorImpl.invoke(Unknown Source)
	at java.lang.reflect.Method.invoke(Unknown Source)
	at org.testng.internal.MethodInvocationHelper.invokeMethod(MethodInvocationHelper.java:84)
	at org.testng.internal.Invoker.invokeMethod(Invoker.java:714)
	at org.testng.internal.Invoker.invokeTestMethod(Invoker.java:901)
	at org.testng.internal.Invoker.invokeTestMethods(Invoker.java:1231)
	at org.testng.internal.TestMethodWorker.invokeTestMethods(TestMethodWorker.java:127)
	at org.testng.internal.TestMethodWorker.run(TestMethodWorker.java:111)
	at org.testng.TestRunner.privateRun(TestRunner.java:767)
	at org.testng.TestRunner.run(TestRunner.java:617)
	at org.testng.SuiteRunner.runTest(SuiteRunner.java:334)
	at org.testng.SuiteRunner.runSequentially(SuiteRunner.java:329)
	at org.testng.SuiteRunner.privateRun(SuiteRunner.java:291)
	at org.testng.SuiteRunner.run(SuiteRunner.java:240)
	at org.testng.SuiteRunnerWorker.runSuite(SuiteRunnerWorker.java:52)
	at org.testng.SuiteRunnerWorker.run(SuiteRunnerWorker.java:86)
	at org.testng.TestNG.runSuitesSequentially(TestNG.java:1224)
	at org.testng.TestNG.runSuitesLocally(TestNG.java:1149)
	at org.testng.TestNG.run(TestNG.java:1057)
	at org.testng.remote.AbstractRemoteTestNG.run(AbstractRemoteTestNG.java:132)
	at org.testng.remote.RemoteTestNG.initAndRun(RemoteTestNG.java:230)
	at org.testng.remote.RemoteTestNG.main(RemoteTestNG.java:76)
--&gt;&gt;Failure 4 of 8: --&gt;&gt;java.lang.NullPointerException
	at com.qcim.appModules.Functions.input(Functions.java:99)
	at com.qcim.appModules.Functions.SignIn(Functions.java:52)
	at com.qcim.appModules.Functions.ExcecuteFunction(Functions.java:661)
	at com.qcim.SuiteOne.Verify_SiteAvailability.TestCase_001(Verify_SiteAvailability.java:88)
	at sun.reflect.NativeMethodAccessorImpl.invoke0(Native Method)
	at sun.reflect.NativeMethodAccessorImpl.invoke(Unknown Source)
	at sun.reflect.DelegatingMethodAccessorImpl.invoke(Unknown Source)
	at java.lang.reflect.Method.invoke(Unknown Source)
	at org.testng.internal.MethodInvocationHelper.invokeMethod(MethodInvocationHelper.java:84)
	at org.testng.internal.Invoker.invokeMethod(Invoker.java:714)
	at org.testng.internal.Invoker.invokeTestMethod(Invoker.java:901)
	at org.testng.internal.Invoker.invokeTestMethods(Invoker.java:1231)
	at org.testng.internal.TestMethodWorker.invokeTestMethods(TestMethodWorker.java:127)
	at org.testng.internal.TestMethodWorker.run(TestMethodWorker.java:111)
	at org.testng.TestRunner.privateRun(TestRunner.java:767)
	at org.testng.TestRunner.run(TestRunner.java:617)
	at org.testng.SuiteRunner.runTest(SuiteRunner.java:334)
	at org.testng.SuiteRunner.runSequentially(SuiteRunner.java:329)
	at org.testng.SuiteRunner.privateRun(SuiteRunner.java:291)
	at org.testng.SuiteRunner.run(SuiteRunner.java:240)
	at org.testng.SuiteRunnerWorker.runSuite(SuiteRunnerWorker.java:52)
	at org.testng.SuiteRunnerWorker.run(SuiteRunnerWorker.java:86)
	at org.testng.TestNG.runSuitesSequentially(TestNG.java:1224)
	at org.testng.TestNG.runSuitesLocally(TestNG.java:1149)
	at org.testng.TestNG.run(TestNG.java:1057)
	at org.testng.remote.AbstractRemoteTestNG.run(AbstractRemoteTestNG.java:132)
	at org.testng.remote.RemoteTestNG.initAndRun(RemoteTestNG.java:230)
	at org.testng.remote.RemoteTestNG.main(RemoteTestNG.java:76)
--&gt;&gt;Failure 5 of 8: --&gt;&gt;java.lang.NullPointerException
	at com.qcim.appModules.Functions.ClickbyXpath(Functions.java:153)
	at com.qcim.appModules.Functions.SignIn(Functions.java:53)
	at com.qcim.appModules.Functions.ExcecuteFunction(Functions.java:661)
	at com.qcim.SuiteOne.Verify_SiteAvailability.TestCase_001(Verify_SiteAvailability.java:88)
	at sun.reflect.NativeMethodAccessorImpl.invoke0(Native Method)
	at sun.reflect.NativeMethodAccessorImpl.invoke(Unknown Source)
	at sun.reflect.DelegatingMethodAccessorImpl.invoke(Unknown Source)
	at java.lang.reflect.Method.invoke(Unknown Source)
	at org.testng.internal.MethodInvocationHelper.invokeMethod(MethodInvocationHelper.java:84)
	at org.testng.internal.Invoker.invokeMethod(Invoker.java:714)
	at org.testng.internal.Invoker.invokeTestMethod(Invoker.java:901)
	at org.testng.internal.Invoker.invokeTestMethods(Invoker.java:1231)
	at org.testng.internal.TestMethodWorker.invokeTestMethods(TestMethodWorker.java:127)
	at org.testng.internal.TestMethodWorker.run(TestMethodWorker.java:111)
	at org.testng.TestRunner.privateRun(TestRunner.java:767)
	at org.testng.TestRunner.run(TestRunner.java:617)
	at org.testng.SuiteRunner.runTest(SuiteRunner.java:334)
	at org.testng.SuiteRunner.runSequentially(SuiteRunner.java:329)
	at org.testng.SuiteRunner.privateRun(SuiteRunner.java:291)
	at org.testng.SuiteRunner.run(SuiteRunner.java:240)
	at org.testng.SuiteRunnerWorker.runSuite(SuiteRunnerWorker.java:52)
	at org.testng.SuiteRunnerWorker.run(SuiteRunnerWorker.java:86)
	at org.testng.TestNG.runSuitesSequentially(TestNG.java:1224)
	at org.testng.TestNG.runSuitesLocally(TestNG.java:1149)
	at org.testng.TestNG.run(TestNG.java:1057)
	at org.testng.remote.AbstractRemoteTestNG.run(AbstractRemoteTestNG.java:132)
	at org.testng.remote.RemoteTestNG.initAndRun(RemoteTestNG.java:230)
	at org.testng.remote.RemoteTestNG.main(RemoteTestNG.java:76)
--&gt;&gt;Failure 6 of 8: --&gt;&gt;java.lang.NullPointerException
	at com.qcim.appModules.Functions.verifylogin(Functions.java:79)
	at com.qcim.appModules.Functions.SignIn(Functions.java:54)
	at com.qcim.appModules.Functions.ExcecuteFunction(Functions.java:661)
	at com.qcim.SuiteOne.Verify_SiteAvailability.TestCase_001(Verify_SiteAvailability.java:88)
	at sun.reflect.NativeMethodAccessorImpl.invoke0(Native Method)
	at sun.reflect.NativeMethodAccessorImpl.invoke(Unknown Source)
	at sun.reflect.DelegatingMethodAccessorImpl.invoke(Unknown Source)
	at java.lang.reflect.Method.invoke(Unknown Source)
	at org.testng.internal.MethodInvocationHelper.invokeMethod(MethodInvocationHelper.java:84)
	at org.testng.internal.Invoker.invokeMethod(Invoker.java:714)
	at org.testng.internal.Invoker.invokeTestMethod(Invoker.java:901)
	at org.testng.internal.Invoker.invokeTestMethods(Invoker.java:1231)
	at org.testng.internal.TestMethodWorker.invokeTestMethods(TestMethodWorker.java:127)
	at org.testng.internal.TestMethodWorker.run(TestMethodWorker.java:111)
	at org.testng.TestRunner.privateRun(TestRunner.java:767)
	at org.testng.TestRunner.run(TestRunner.java:617)
	at org.testng.SuiteRunner.runTest(SuiteRunner.java:334)
	at org.testng.SuiteRunner.runSequentially(SuiteRunner.java:329)
	at org.testng.SuiteRunner.privateRun(SuiteRunner.java:291)
	at org.testng.SuiteRunner.run(SuiteRunner.java:240)
	at org.testng.SuiteRunnerWorker.runSuite(SuiteRunnerWorker.java:52)
	at org.testng.SuiteRunnerWorker.run(SuiteRunnerWorker.java:86)
	at org.testng.TestNG.runSuitesSequentially(TestNG.java:1224)
	at org.testng.TestNG.runSuitesLocally(TestNG.java:1149)
	at org.testng.TestNG.run(TestNG.java:1057)
	at org.testng.remote.AbstractRemoteTestNG.run(AbstractRemoteTestNG.java:132)
	at org.testng.remote.RemoteTestNG.initAndRun(RemoteTestNG.java:230)
	at org.testng.remote.RemoteTestNG.main(RemoteTestNG.java:76)
--&gt;&gt;Failure 7 of 8: --&gt;&gt;java.lang.NullPointerException
	at com.qcim.appModules.Functions.I_AgreeClick(Functions.java:131)
	at com.qcim.appModules.Functions.ExcecuteFunction(Functions.java:673)
	at com.qcim.SuiteOne.Verify_SiteAvailability.TestCase_001(Verify_SiteAvailability.java:89)
	at sun.reflect.NativeMethodAccessorImpl.invoke0(Native Method)
	at sun.reflect.NativeMethodAccessorImpl.invoke(Unknown Source)
	at sun.reflect.DelegatingMethodAccessorImpl.invoke(Unknown Source)
	at java.lang.reflect.Method.invoke(Unknown Source)
	at org.testng.internal.MethodInvocationHelper.invokeMethod(MethodInvocationHelper.java:84)
	at org.testng.internal.Invoker.invokeMethod(Invoker.java:714)
	at org.testng.internal.Invoker.invokeTestMethod(Invoker.java:901)
	at org.testng.internal.Invoker.invokeTestMethods(Invoker.java:1231)
	at org.testng.internal.TestMethodWorker.invokeTestMethods(TestMethodWorker.java:127)
	at org.testng.internal.TestMethodWorker.run(TestMethodWorker.java:111)
	at org.testng.TestRunner.privateRun(TestRunner.java:767)
	at org.testng.TestRunner.run(TestRunner.java:617)
	at org.testng.SuiteRunner.runTest(SuiteRunner.java:334)
	at org.testng.SuiteRunner.runSequentially(SuiteRunner.java:329)
	at org.testng.SuiteRunner.privateRun(SuiteRunner.java:291)
	at org.testng.SuiteRunner.run(SuiteRunner.java:240)
	at org.testng.SuiteRunnerWorker.runSuite(SuiteRunnerWorker.java:52)
	at org.testng.SuiteRunnerWorker.run(SuiteRunnerWorker.java:86)
	at org.testng.TestNG.runSuitesSequentially(TestNG.java:1224)
	at org.testng.TestNG.runSuitesLocally(TestNG.java:1149)
	at org.testng.TestNG.run(TestNG.java:1057)
	at org.testng.remote.AbstractRemoteTestNG.run(AbstractRemoteTestNG.java:132)
	at org.testng.remote.RemoteTestNG.initAndRun(RemoteTestNG.java:230)
	at org.testng.remote.RemoteTestNG.main(RemoteTestNG.java:76)
--&gt;&gt;Failure 8 of 8: --&gt;&gt;java.lang.NullPointerException
	at com.qcim.appModules.Functions.ClickbyXpath(Functions.java:153)
	at com.qcim.appModules.Functions.ExcecuteFunction(Functions.java:683)
	at com.qcim.SuiteOne.Verify_SiteAvailability.TestCase_001(Verify_SiteAvailability.java:91)
	at sun.reflect.NativeMethodAccessorImpl.invoke0(Native Method)
	at sun.reflect.NativeMethodAccessorImpl.invoke(Unknown Source)
	at sun.reflect.DelegatingMethodAccessorImpl.invoke(Unknown Source)
	at java.lang.reflect.Method.invoke(Unknown Source)
	at org.testng.internal.MethodInvocationHelper.invokeMethod(MethodInvocationHelper.java:84)
	at org.testng.internal.Invoker.invokeMethod(Invoker.java:714)
	at org.testng.internal.Invoker.invokeTestMethod(Invoker.java:901)
	at org.testng.internal.Invoker.invokeTestMethods(Invoker.java:1231)
	at org.testng.internal.TestMethodWorker.invokeTestMethods(TestMethodWorker.java:127)
	at org.testng.internal.TestMethodWorker.run(TestMethodWorker.java:111)
	at org.testng.TestRunner.privateRun(TestRunner.java:767)
	at org.testng.TestRunner.run(TestRunner.java:617)
	at org.testng.SuiteRunner.runTest(SuiteRunner.java:334)
	at org.testng.SuiteRunner.runSequentially(SuiteRunner.java:329)
	at org.testng.SuiteRunner.privateRun(SuiteRunner.java:291)
	at org.testng.SuiteRunner.run(SuiteRunner.java:240)
	at org.testng.SuiteRunnerWorker.runSuite(SuiteRunnerWorker.java:52)
	at org.testng.SuiteRunnerWorker.run(SuiteRunnerWorker.java:86)
	at org.testng.TestNG.runSuitesSequentially(TestNG.java:1224)
	at org.testng.TestNG.runSuitesLocally(TestNG.java:1149)
	at org.testng.TestNG.run(TestNG.java:1057)
	at org.testng.remote.AbstractRemoteTestNG.run(AbstractRemoteTestNG.java:132)
	at org.testng.remote.RemoteTestNG.initAndRun(RemoteTestNG.java:230)
	at org.testng.remote.RemoteTestNG.main(RemoteTestNG.java:76)
</pre></div></td>
<td>56</td>
<td>com.qcim.SuiteOne.Verify_SiteAvailability@42e26948</td></tr>
</table><p>
</body>
</html>